Log file open, 02/22/19 18:48:57
LogWindows: Failed to load 'aqProf.dll' (GetLastError=126)
LogWindows: File 'aqProf.dll' does not exist
LogWindows: Failed to load 'VtuneApi.dll' (GetLastError=126)
LogWindows: File 'VtuneApi.dll' does not exist
LogWindows: Failed to load 'VtuneApi32e.dll' (GetLastError=126)
LogWindows: File 'VtuneApi32e.dll' does not exist
LogConsoleResponse: Display: Failed to find resolution value strings in scalability ini. Falling back to default.
LogInit: Display: Running engine for game: tutorial
LogPakFile: Registered encryption key '00000000000000000000000000000000': 0 pak files mounted, 0 remain pending
LogPlatformFile: Not using cached read wrapper
LogTaskGraph: Started task graph with 5 named threads and 11 total threads with 3 sets of task threads.
LogStats: Stats thread started at 0.225666
LogD3D11RHI: Loaded GFSDK_Aftermath_Lib.x64.dll
LogICUInternationalization: ICU TimeZone Detection - Raw Offset: -5:00, Platform Override: ''
LogPluginManager: Mounting plugin Paper2D
LogPluginManager: Mounting plugin AISupport
LogPluginManager: Mounting plugin LightPropagationVolume
LogPluginManager: Mounting plugin ActorLayerUtilities
LogPluginManager: Mounting plugin CLionSourceCodeAccess
LogPluginManager: Mounting plugin CodeLiteSourceCodeAccess
LogPluginManager: Mounting plugin GitSourceControl
LogPluginManager: Mounting plugin KDevelopSourceCodeAccess
LogPluginManager: Mounting plugin NullSourceCodeAccess
LogPluginManager: Mounting plugin PerforceSourceControl
LogPluginManager: Mounting plugin SubversionSourceControl
LogPluginManager: Mounting plugin UObjectPlugin
LogPluginManager: Mounting plugin VisualStudioCodeSourceCodeAccess
LogPluginManager: Mounting plugin VisualStudioSourceCodeAccess
LogPluginManager: Mounting plugin XCodeSourceCodeAccess
LogPluginManager: Mounting plugin AssetManagerEditor
LogPluginManager: Mounting plugin CryptoKeys
LogPluginManager: Mounting plugin DataValidation
LogPluginManager: Mounting plugin FacialAnimation
LogPluginManager: Mounting plugin GameplayTagsEditor
LogPluginManager: Mounting plugin MacGraphicsSwitching
LogPluginManager: Mounting plugin MeshEditor
LogPluginManager: Mounting plugin MobileLauncherProfileWizard
LogPluginManager: Mounting plugin PluginBrowser
LogPluginManager: Mounting plugin SpeedTreeImporter
LogPluginManager: Mounting plugin DatasmithContent
LogPluginManager: Mounting plugin VariantManagerContent
LogPluginManager: Mounting plugin AlembicImporter
LogPluginManager: Mounting plugin AppleImageUtils
LogPluginManager: Mounting plugin AppleVision
LogPluginManager: Mounting plugin BackChannel
LogPluginManager: Mounting plugin CharacterAI
LogPluginManager: Mounting plugin GeometryCache
LogPluginManager: Mounting plugin HTML5Networking
LogPluginManager: Mounting plugin ProxyLODPlugin
LogPluginManager: Mounting plugin MagicLeap
LogPluginManager: Mounting plugin MagicLeapMedia
LogPluginManager: Mounting plugin AndroidMedia
LogPluginManager: Mounting plugin AvfMedia
LogPluginManager: Mounting plugin ImgMedia
LogPluginManager: Mounting plugin LinearTimecode
LogPluginManager: Mounting plugin MediaCompositing
LogPluginManager: Mounting plugin MediaPlayerEditor
LogPluginManager: Mounting plugin WebMMedia
LogPluginManager: Mounting plugin WmfMedia
LogPluginManager: Mounting plugin TcpMessaging
LogPluginManager: Mounting plugin UdpMessaging
LogPluginManager: Mounting plugin ActorSequence
LogPluginManager: Mounting plugin LevelSequenceEditor
LogPluginManager: Mounting plugin MatineeToLevelSequence
LogPluginManager: Mounting plugin NetcodeUnitTest
LogPluginManager: Mounting plugin NUTUnrealEngine4
LogPluginManager: Mounting plugin OnlineSubsystemGooglePlay
LogPluginManager: Mounting plugin OnlineSubsystemIOS
LogPluginManager: Mounting plugin OnlineSubsystem
LogPluginManager: Mounting plugin OnlineSubsystemNull
LogPluginManager: Mounting plugin OnlineSubsystemUtils
LogPluginManager: Mounting plugin LauncherChunkInstaller
LogPluginManager: Mounting plugin AndroidDeviceProfileSelector
LogPluginManager: Mounting plugin AndroidMoviePlayer
LogPluginManager: Mounting plugin AndroidPermission
LogPluginManager: Mounting plugin AppleMoviePlayer
LogPluginManager: Mounting plugin ArchVisCharacter
LogPluginManager: Mounting plugin AudioCapture
LogPluginManager: Mounting plugin CableComponent
LogPluginManager: Mounting plugin CustomMeshComponent
LogPluginManager: Mounting plugin EditableMesh
LogPluginManager: Mounting plugin ExampleDeviceProfileSelector
LogPluginManager: Mounting plugin Firebase
LogPluginManager: Mounting plugin GoogleCloudMessaging
LogPluginManager: Mounting plugin IOSDeviceProfileSelector
LogPluginManager: Mounting plugin LinuxDeviceProfileSelector
LogPluginManager: Mounting plugin LocationServicesBPLibrary
LogPluginManager: Mounting plugin MobilePatchingUtils
LogPluginManager: Mounting plugin OculusVR
LogPluginManager: Mounting plugin PhysXVehicles
LogPluginManager: Mounting plugin ProceduralMeshComponent
LogPluginManager: Mounting plugin RuntimePhysXCooking
LogPluginManager: Mounting plugin SteamVR
LogPluginManager: Mounting plugin WebMMoviePlayer
LogPluginManager: Mounting plugin WindowsMoviePlayer
LogStreaming: Display: Took  0.115s to configure plugins.
LogInit: Using libcurl 7.55.1-DEV
LogInit:  - built for x86_64-pc-win32
LogInit:  - supports SSL with OpenSSL/1.0.2h
LogInit:  - supports HTTP deflate (compression) using libz 1.2.8
LogInit:  - other features:
LogInit:      CURL_VERSION_SSL
LogInit:      CURL_VERSION_LIBZ
LogInit:      CURL_VERSION_IPV6
LogInit:      CURL_VERSION_ASYNCHDNS
LogInit:      CURL_VERSION_LARGEFILE
LogInit:      CURL_VERSION_IDN
LogInit:  CurlRequestOptions (configurable via config and command line):
LogInit:  - bVerifyPeer = true  - Libcurl will verify peer certificate
LogInit:  - bUseHttpProxy = false  - Libcurl will NOT use HTTP proxy
LogInit:  - bDontReuseConnections = false  - Libcurl will reuse connections
LogInit:  - MaxHostConnections = 16  - Libcurl will limit the number of connections to a host
LogInit:  - LocalHostAddr = Default
LogInit:  - BufferSize = 65536
LogInit: WinSock: version 1.1 (2.2), MaxSocks=32767, MaxUdp=65467
LogInit: Build: ++UE4+Release-4.21-CL-4753647
LogInit: Engine Version: 4.21.2-4753647+++UE4+Release-4.21
LogInit: Compatible Engine Version: 4.21.0-4541578+++UE4+Release-4.21
LogInit: Net CL: 4541578
LogInit: OS: Windows 10 (), CPU: Intel(R) Core(TM) i5-6200U CPU @ 2.30GHz, GPU: Intel(R) HD Graphics 520
LogInit: Compiled (64-bit): Jan 19 2019 02:07:31
LogInit: Compiled with Visual C++: 19.13.26129.00
LogInit: Build Configuration: Development
LogInit: Branch Name: ++UE4+Release-4.21
LogInit: Command Line:  -EpicPortal -epicusername=dcon-money -epicuserid=940a533896594491bb2eca1542d41f9e -epiclocale=en-US
LogInit: Base Directory: C:/Program Files/Epic Games/UE_4.21/Engine/Binaries/Win64/
LogInit: Installed Engine Build: 1
LogDevObjectVersion: Number of dev versions registered: 22
LogDevObjectVersion:   Dev-Blueprints (B0D832E4-1F89-4F0D-ACCF-7EB736FD4AA2): 10
LogDevObjectVersion:   Dev-Build (E1C64328-A22C-4D53-A36C-8E866417BD8C): 0
LogDevObjectVersion:   Dev-Core (375EC13C-06E4-48FB-B500-84F0262A717E): 2
LogDevObjectVersion:   Dev-Editor (E4B068ED-F494-42E9-A231-DA0B2E46BB41): 26
LogDevObjectVersion:   Dev-Framework (CFFC743F-43B0-4480-9391-14DF171D2073): 34
LogDevObjectVersion:   Dev-Mobile (B02B49B5-BB20-44E9-A304-32B752E40360): 2
LogDevObjectVersion:   Dev-Networking (A4E4105C-59A1-49B5-A7C5-40C4547EDFEE): 0
LogDevObjectVersion:   Dev-Online (39C831C9-5AE6-47DC-9A44-9C173E1C8E7C): 0
LogDevObjectVersion:   Dev-Physics (78F01B33-EBEA-4F98-B9B4-84EACCB95AA2): 0
LogDevObjectVersion:   Dev-Platform (6631380F-2D4D-43E0-8009-CF276956A95A): 0
LogDevObjectVersion:   Dev-Rendering (12F88B9F-8875-4AFC-A67C-D90C383ABD29): 27
LogDevObjectVersion:   Dev-Sequencer (7B5AE74C-D270-4C10-A958-57980B212A5A): 9
LogDevObjectVersion:   Dev-VR (D7296918-1DD6-4BDD-9DE2-64A83CC13884): 2
LogDevObjectVersion:   Dev-LoadTimes (C2A15278-BFE7-4AFE-6C17-90FF531DF755): 1
LogDevObjectVersion:   Private-Geometry (6EACA3D4-40EC-4CC1-B786-8BED09428FC5): 3
LogDevObjectVersion:   Dev-AnimPhys (29E575DD-E0A3-4627-9D10-D276232CDCEA): 17
LogDevObjectVersion:   Dev-Anim (AF43A65D-7FD3-4947-9873-3E8ED9C1BB05): 2
LogDevObjectVersion:   Dev-ReflectionCapture (6B266CEC-1EC7-4B8F-A30B-E4D90942FC07): 1
LogDevObjectVersion:   Dev-Automation (0DF73D61-A23F-47EA-B727-89E90C41499A): 1
LogDevObjectVersion:   FortniteMain (601D1886-AC64-4F84-AA16-D3DE0DEAC7D6): 17
LogDevObjectVersion:   Dev-Enterprise (9DFFBCD6-494F-0158-E221-12823C92A888): 4
LogDevObjectVersion:   Dev-Niagara (F2AED0AC-9AFE-416F-8664-AA7FFA26D6FC): 1
LogStreaming: Display: Took  0.001s to delete old logs.
LogInit: Presizing for max 8388607 objects, including 0 objects not considered by GC, pre-allocating 0 bytes for permanent pool.
LogInit: Object subsystem initialized
LogConfig: Setting CVar [[con.DebugEarlyDefault:1]]
LogConfig: Setting CVar [[r.setres:1280x720]]
[2019.02.22-23.48.58:056][  0]LogConfig: Setting CVar [[r.VSync:0]]
[2019.02.22-23.48.58:056][  0]LogConfig: Setting CVar [[r.RHICmdBypass:0]]
[2019.02.22-23.48.58:056][  0]LogConfig: Applying CVar settings from Section [/Script/Engine.RendererSettings] File [C:/Users/dujon/OneDrive/Documents/Unreal Projects/tutorial/Saved/Config/Windows/Engine.ini]
[2019.02.22-23.48.58:056][  0]LogConfig: Setting CVar [[r.GPUCrashDebugging:0]]
[2019.02.22-23.48.58:056][  0]LogConfig: Applying CVar settings from Section [/Script/Engine.RendererOverrideSettings] File [C:/Users/dujon/OneDrive/Documents/Unreal Projects/tutorial/Saved/Config/Windows/Engine.ini]
[2019.02.22-23.48.58:056][  0]LogConfig: Applying CVar settings from Section [/Script/Engine.StreamingSettings] File [C:/Users/dujon/OneDrive/Documents/Unreal Projects/tutorial/Saved/Config/Windows/Engine.ini]
[2019.02.22-23.48.58:056][  0]LogConfig: Setting CVar [[s.MinBulkDataSizeForAsyncLoading:131072]]
[2019.02.22-23.48.58:057][  0]LogConfig: Setting CVar [[s.AsyncLoadingThreadEnabled:0]]
[2019.02.22-23.48.58:057][  0]LogConfig: Setting CVar [[s.EventDrivenLoaderEnabled:1]]
[2019.02.22-23.48.58:057][  0]LogConfig: Setting CVar [[s.WarnIfTimeLimitExceeded:0]]
[2019.02.22-23.48.58:057][  0]LogConfig: Setting CVar [[s.TimeLimitExceededMultiplier:1.5]]
[2019.02.22-23.48.58:057][  0]LogConfig: Setting CVar [[s.TimeLimitExceededMinTime:0.005]]
[2019.02.22-23.48.58:057][  0]LogConfig: Setting CVar [[s.UseBackgroundLevelStreaming:1]]
[2019.02.22-23.48.58:057][  0]LogConfig: Setting CVar [[s.PriorityAsyncLoadingExtraTime:15.0]]
[2019.02.22-23.48.58:057][  0]LogConfig: Setting CVar [[s.LevelStreamingActorsUpdateTimeLimit:5.0]]
[2019.02.22-23.48.58:057][  0]LogConfig: Setting CVar [[s.PriorityLevelStreamingActorsUpdateExtraTime:5.0]]
[2019.02.22-23.48.58:057][  0]LogConfig: Setting CVar [[s.LevelStreamingComponentsRegistrationGranularity:10]]
[2019.02.22-23.48.58:057][  0]LogConfig: Setting CVar [[s.UnregisterComponentsTimeLimit:1.0]]
[2019.02.22-23.48.58:057][  0]LogConfig: Setting CVar [[s.LevelStreamingComponentsUnregistrationGranularity:5]]
[2019.02.22-23.48.58:057][  0]LogConfig: Applying CVar settings from Section [/Script/Engine.GarbageCollectionSettings] File [C:/Users/dujon/OneDrive/Documents/Unreal Projects/tutorial/Saved/Config/Windows/Engine.ini]
[2019.02.22-23.48.58:057][  0]LogConfig: Setting CVar [[gc.MaxObjectsNotConsideredByGC:1]]
[2019.02.22-23.48.58:057][  0]LogConfig: Setting CVar [[gc.SizeOfPermanentObjectPool:0]]
[2019.02.22-23.48.58:057][  0]LogConfig: Setting CVar [[gc.FlushStreamingOnGC:0]]
[2019.02.22-23.48.58:057][  0]LogConfig: Setting CVar [[gc.NumRetriesBeforeForcingGC:10]]
[2019.02.22-23.48.58:057][  0]LogConfig: Setting CVar [[gc.AllowParallelGC:1]]
[2019.02.22-23.48.58:057][  0]LogConfig: Setting CVar [[gc.TimeBetweenPurgingPendingKillObjects:61.1]]
[2019.02.22-23.48.58:057][  0]LogConfig: Setting CVar [[gc.MaxObjectsInEditor:8388607]]
[2019.02.22-23.48.58:057][  0]LogConfig: Setting CVar [[gc.IncrementalBeginDestroyEnabled:1]]
[2019.02.22-23.48.58:057][  0]LogConfig: Setting CVar [[gc.CreateGCClusters:1]]
[2019.02.22-23.48.58:057][  0]LogConfig: Setting CVar [[gc.MergeGCClusters:0]]
[2019.02.22-23.48.58:057][  0]LogConfig: Setting CVar [[gc.MinGCClusterSize:5]]
[2019.02.22-23.48.58:057][  0]LogConfig: Setting CVar [[gc.ActorClusteringEnabled:0]]
[2019.02.22-23.48.58:057][  0]LogConfig: Setting CVar [[gc.BlueprintClusteringEnabled:0]]
[2019.02.22-23.48.58:057][  0]LogConfig: Setting CVar [[gc.UseDisregardForGCOnDedicatedServers:0]]
[2019.02.22-23.48.58:057][  0]LogConfig: Applying CVar settings from Section [/Script/Engine.NetworkSettings] File [C:/Users/dujon/OneDrive/Documents/Unreal Projects/tutorial/Saved/Config/Windows/Engine.ini]
[2019.02.22-23.48.58:057][  0]LogConfig: Applying CVar settings from Section [/Script/UnrealEd.CookerSettings] File [C:/Users/dujon/OneDrive/Documents/Unreal Projects/tutorial/Saved/Config/Windows/Engine.ini]
[2019.02.22-23.48.58:061][  0]LogConfig: Applying CVar settings from Section [ViewDistanceQuality@3] File [C:/Users/dujon/OneDrive/Documents/Unreal Projects/tutorial/Saved/Config/Windows/Scalability.ini]
[2019.02.22-23.48.58:061][  0]LogConfig: Setting CVar [[r.SkeletalMeshLODBias:0]]
[2019.02.22-23.48.58:061][  0]LogConfig: Setting CVar [[r.ViewDistanceScale:1.0]]
[2019.02.22-23.48.58:061][  0]LogConfig: Applying CVar settings from Section [AntiAliasingQuality@3] File [C:/Users/dujon/OneDrive/Documents/Unreal Projects/tutorial/Saved/Config/Windows/Scalability.ini]
[2019.02.22-23.48.58:061][  0]LogConfig: Setting CVar [[r.PostProcessAAQuality:4]]
[2019.02.22-23.48.58:061][  0]LogConfig: Applying CVar settings from Section [ShadowQuality@3] File [C:/Users/dujon/OneDrive/Documents/Unreal Projects/tutorial/Saved/Config/Windows/Scalability.ini]
[2019.02.22-23.48.58:061][  0]LogConfig: Setting CVar [[r.LightFunctionQuality:1]]
[2019.02.22-23.48.58:061][  0]LogConfig: Setting CVar [[r.ShadowQuality:5]]
[2019.02.22-23.48.58:061][  0]LogConfig: Setting CVar [[r.Shadow.CSM.MaxCascades:10]]
[2019.02.22-23.48.58:061][  0]LogConfig: Setting CVar [[r.Shadow.MaxResolution:2048]]
[2019.02.22-23.48.58:061][  0]LogConfig: Setting CVar [[r.Shadow.MaxCSMResolution:2048]]
[2019.02.22-23.48.58:061][  0]LogConfig: Setting CVar [[r.Shadow.RadiusThreshold:0.01]]
[2019.02.22-23.48.58:061][  0]LogConfig: Setting CVar [[r.Shadow.DistanceScale:1.0]]
[2019.02.22-23.48.58:061][  0]LogConfig: Setting CVar [[r.Shadow.CSM.TransitionScale:1.0]]
[2019.02.22-23.48.58:061][  0]LogConfig: Setting CVar [[r.Shadow.PreShadowResolutionFactor:1.0]]
[2019.02.22-23.48.58:061][  0]LogConfig: Setting CVar [[r.DistanceFieldShadowing:1]]
[2019.02.22-23.48.58:061][  0]LogConfig: Setting CVar [[r.DistanceFieldAO:1]]
[2019.02.22-23.48.58:061][  0]LogConfig: Setting CVar [[r.AOQuality:2]]
[2019.02.22-23.48.58:061][  0]LogConfig: Setting CVar [[r.VolumetricFog:1]]
[2019.02.22-23.48.58:061][  0]LogConfig: Setting CVar [[r.VolumetricFog.GridPixelSize:8]]
[2019.02.22-23.48.58:061][  0]LogConfig: Setting CVar [[r.VolumetricFog.GridSizeZ:128]]
[2019.02.22-23.48.58:061][  0]LogConfig: Setting CVar [[r.VolumetricFog.HistoryMissSupersampleCount:4]]
[2019.02.22-23.48.58:061][  0]LogConfig: Setting CVar [[r.LightMaxDrawDistanceScale:1]]
[2019.02.22-23.48.58:061][  0]LogConfig: Setting CVar [[r.CapsuleShadows:1]]
[2019.02.22-23.48.58:061][  0]LogConfig: Applying CVar settings from Section [PostProcessQuality@3] File [C:/Users/dujon/OneDrive/Documents/Unreal Projects/tutorial/Saved/Config/Windows/Scalability.ini]
[2019.02.22-23.48.58:061][  0]LogConfig: Setting CVar [[r.MotionBlurQuality:4]]
[2019.02.22-23.48.58:061][  0]LogConfig: Setting CVar [[r.AmbientOcclusionMipLevelFactor:0.4]]
[2019.02.22-23.48.58:061][  0]LogConfig: Setting CVar [[r.AmbientOcclusionMaxQuality:100]]
[2019.02.22-23.48.58:061][  0]LogConfig: Setting CVar [[r.AmbientOcclusionLevels:-1]]
[2019.02.22-23.48.58:061][  0]LogConfig: Setting CVar [[r.AmbientOcclusionRadiusScale:1.0]]
[2019.02.22-23.48.58:061][  0]LogConfig: Setting CVar [[r.DepthOfFieldQuality:2]]
[2019.02.22-23.48.58:061][  0]LogConfig: Setting CVar [[r.RenderTargetPoolMin:400]]
[2019.02.22-23.48.58:061][  0]LogConfig: Setting CVar [[r.LensFlareQuality:2]]
[2019.02.22-23.48.58:062][  0]LogConfig: Setting CVar [[r.SceneColorFringeQuality:1]]
[2019.02.22-23.48.58:062][  0]LogConfig: Setting CVar [[r.EyeAdaptationQuality:2]]
[2019.02.22-23.48.58:062][  0]LogConfig: Setting CVar [[r.BloomQuality:5]]
[2019.02.22-23.48.58:062][  0]LogConfig: Setting CVar [[r.FastBlurThreshold:100]]
[2019.02.22-23.48.58:062][  0]LogConfig: Setting CVar [[r.Upscale.Quality:3]]
[2019.02.22-23.48.58:062][  0]LogConfig: Setting CVar [[r.Tonemapper.GrainQuantization:1]]
[2019.02.22-23.48.58:062][  0]LogConfig: Setting CVar [[r.LightShaftQuality:1]]
[2019.02.22-23.48.58:062][  0]LogConfig: Setting CVar [[r.Filter.SizeScale:1]]
[2019.02.22-23.48.58:062][  0]LogConfig: Setting CVar [[r.Tonemapper.Quality:5]]
[2019.02.22-23.48.58:062][  0]LogConfig: Setting CVar [[r.DOF.Gather.AccumulatorQuality:1        ; higher gathering accumulator quality]]
[2019.02.22-23.48.58:062][  0]LogConfig: Setting CVar [[r.DOF.Gather.PostfilterMethod:1          ; Median3x3 postfilering method]]
[2019.02.22-23.48.58:062][  0]LogConfig: Setting CVar [[r.DOF.Gather.EnableBokehSettings:0       ; no bokeh simulation when gathering]]
[2019.02.22-23.48.58:062][  0]LogConfig: Setting CVar [[r.DOF.Gather.RingCount:4                 ; medium number of samples when gathering]]
[2019.02.22-23.48.58:062][  0]LogConfig: Setting CVar [[r.DOF.Scatter.ForegroundCompositing:1    ; additive foreground scattering]]
[2019.02.22-23.48.58:062][  0]LogConfig: Setting CVar [[r.DOF.Scatter.BackgroundCompositing:2    ; additive background scattering]]
[2019.02.22-23.48.58:062][  0]LogConfig: Setting CVar [[r.DOF.Scatter.EnableBokehSettings:1      ; bokeh simulation when scattering]]
[2019.02.22-23.48.58:062][  0]LogConfig: Setting CVar [[r.DOF.Scatter.MaxSpriteRatio:0.1         ; only a maximum of 10% of scattered bokeh]]
[2019.02.22-23.48.58:062][  0]LogConfig: Setting CVar [[r.DOF.Recombine.Quality:1                ; cheap slight out of focus]]
[2019.02.22-23.48.58:062][  0]LogConfig: Setting CVar [[r.DOF.Recombine.EnableBokehSettings:0    ; no bokeh simulation on slight out of focus]]
[2019.02.22-23.48.58:062][  0]LogConfig: Setting CVar [[r.DOF.TemporalAAQuality:1                ; more stable temporal accumulation]]
[2019.02.22-23.48.58:062][  0]LogConfig: Setting CVar [[r.DOF.Kernel.MaxForegroundRadius:0.025]]
[2019.02.22-23.48.58:062][  0]LogConfig: Setting CVar [[r.DOF.Kernel.MaxBackgroundRadius:0.025]]
[2019.02.22-23.48.58:062][  0]LogConfig: Applying CVar settings from Section [TextureQuality@3] File [C:/Users/dujon/OneDrive/Documents/Unreal Projects/tutorial/Saved/Config/Windows/Scalability.ini]
[2019.02.22-23.48.58:062][  0]LogConfig: Setting CVar [[r.Streaming.MipBias:0]]
[2019.02.22-23.48.58:062][  0]LogConfig: Setting CVar [[r.Streaming.AmortizeCPUToGPUCopy:0]]
[2019.02.22-23.48.58:062][  0]LogConfig: Setting CVar [[r.Streaming.MaxNumTexturesToStreamPerFrame:0]]
[2019.02.22-23.48.58:062][  0]LogConfig: Setting CVar [[r.Streaming.Boost:1]]
[2019.02.22-23.48.58:062][  0]LogConfig: Setting CVar [[r.MaxAnisotropy:8]]
[2019.02.22-23.48.58:062][  0]LogConfig: Setting CVar [[r.Streaming.LimitPoolSizeToVRAM:0]]
[2019.02.22-23.48.58:062][  0]LogConfig: Setting CVar [[r.Streaming.PoolSize:1000]]
[2019.02.22-23.48.58:062][  0]LogConfig: Setting CVar [[r.Streaming.MaxEffectiveScreenSize:0]]
[2019.02.22-23.48.58:062][  0]LogConfig: Applying CVar settings from Section [EffectsQuality@3] File [C:/Users/dujon/OneDrive/Documents/Unreal Projects/tutorial/Saved/Config/Windows/Scalability.ini]
[2019.02.22-23.48.58:062][  0]LogConfig: Setting CVar [[r.TranslucencyLightingVolumeDim:64]]
[2019.02.22-23.48.58:062][  0]LogConfig: Setting CVar [[r.RefractionQuality:2]]
[2019.02.22-23.48.58:062][  0]LogConfig: Setting CVar [[r.SSR.Quality:3]]
[2019.02.22-23.48.58:062][  0]LogConfig: Setting CVar [[r.SceneColorFormat:4]]
[2019.02.22-23.48.58:063][  0]LogConfig: Setting CVar [[r.DetailMode:2]]
[2019.02.22-23.48.58:063][  0]LogConfig: Setting CVar [[r.TranslucencyVolumeBlur:1]]
[2019.02.22-23.48.58:063][  0]LogConfig: Setting CVar [[r.MaterialQualityLevel:1 ; High quality]]
[2019.02.22-23.48.58:063][  0]LogConfig: Setting CVar [[r.SSS.Scale:1]]
[2019.02.22-23.48.58:063][  0]LogConfig: Setting CVar [[r.SSS.SampleSet:2]]
[2019.02.22-23.48.58:063][  0]LogConfig: Setting CVar [[r.SSS.Quality:1]]
[2019.02.22-23.48.58:063][  0]LogConfig: Setting CVar [[r.SSS.HalfRes:1]]
[2019.02.22-23.48.58:063][  0]LogConfig: Setting CVar [[r.EmitterSpawnRateScale:1.0]]
[2019.02.22-23.48.58:063][  0]LogConfig: Setting CVar [[r.ParticleLightQuality:2]]
[2019.02.22-23.48.58:063][  0]LogConfig: Applying CVar settings from Section [FoliageQuality@3] File [C:/Users/dujon/OneDrive/Documents/Unreal Projects/tutorial/Saved/Config/Windows/Scalability.ini]
[2019.02.22-23.48.58:063][  0]LogConfig: Setting CVar [[foliage.DensityScale:1.0]]
[2019.02.22-23.48.58:063][  0]LogConfig: Setting CVar [[grass.DensityScale:1.0]]
[2019.02.22-23.48.58:063][  0]LogInit: Selected Device Profile: [Windows]
[2019.02.22-23.48.58:063][  0]LogInit: Applying CVar settings loaded from the selected device profile: [Windows]
[2019.02.22-23.48.58:074][  0]LogHAL: Display: Platform has ~ 8 GB [8474492928 / 8589934592 / 8], which maps to Default [LargestMinGB=32, LargerMinGB=12, DefaultMinGB=8, SmallerMinGB=6, SmallestMinGB=0)
[2019.02.22-23.48.58:074][  0]LogConfig: Setting CVar [[r.Vulkan.UseRealUBs:1]]
[2019.02.22-23.48.58:074][  0]LogInit: Going up to parent DeviceProfile []
[2019.02.22-23.48.58:074][  0]LogConfig: Applying CVar settings from Section [ViewDistanceQuality@0] File [C:/Users/dujon/OneDrive/Documents/Unreal Projects/tutorial/Saved/Config/Windows/Scalability.ini]
[2019.02.22-23.48.58:074][  0]LogConfig: Setting CVar [[r.SkeletalMeshLODBias:2]]
[2019.02.22-23.48.58:074][  0]LogConfig: Setting CVar [[r.ViewDistanceScale:0.4]]
[2019.02.22-23.48.58:074][  0]LogConfig: Applying CVar settings from Section [AntiAliasingQuality@0] File [C:/Users/dujon/OneDrive/Documents/Unreal Projects/tutorial/Saved/Config/Windows/Scalability.ini]
[2019.02.22-23.48.58:074][  0]LogConfig: Setting CVar [[r.PostProcessAAQuality:0]]
[2019.02.22-23.48.58:074][  0]LogConfig: Applying CVar settings from Section [ShadowQuality@0] File [C:/Users/dujon/OneDrive/Documents/Unreal Projects/tutorial/Saved/Config/Windows/Scalability.ini]
[2019.02.22-23.48.58:074][  0]LogConfig: Setting CVar [[r.LightFunctionQuality:0]]
[2019.02.22-23.48.58:074][  0]LogConfig: Setting CVar [[r.ShadowQuality:0]]
[2019.02.22-23.48.58:074][  0]LogConfig: Setting CVar [[r.Shadow.CSM.MaxCascades:1]]
[2019.02.22-23.48.58:074][  0]LogConfig: Setting CVar [[r.Shadow.MaxResolution:512]]
[2019.02.22-23.48.58:074][  0]LogConfig: Setting CVar [[r.Shadow.MaxCSMResolution:512]]
[2019.02.22-23.48.58:074][  0]LogConfig: Setting CVar [[r.Shadow.RadiusThreshold:0.06]]
[2019.02.22-23.48.58:074][  0]LogConfig: Setting CVar [[r.Shadow.DistanceScale:0.6]]
[2019.02.22-23.48.58:074][  0]LogConfig: Setting CVar [[r.Shadow.CSM.TransitionScale:0]]
[2019.02.22-23.48.58:074][  0]LogConfig: Setting CVar [[r.Shadow.PreShadowResolutionFactor:0.5]]
[2019.02.22-23.48.58:074][  0]LogConfig: Setting CVar [[r.DistanceFieldShadowing:0]]
[2019.02.22-23.48.58:074][  0]LogConfig: Setting CVar [[r.DistanceFieldAO:0]]
[2019.02.22-23.48.58:075][  0]LogConfig: Setting CVar [[r.VolumetricFog:0]]
[2019.02.22-23.48.58:075][  0]LogConfig: Setting CVar [[r.LightMaxDrawDistanceScale:0]]
[2019.02.22-23.48.58:075][  0]LogConfig: Setting CVar [[r.CapsuleShadows:0]]
[2019.02.22-23.48.58:075][  0]LogConfig: Applying CVar settings from Section [PostProcessQuality@0] File [C:/Users/dujon/OneDrive/Documents/Unreal Projects/tutorial/Saved/Config/Windows/Scalability.ini]
[2019.02.22-23.48.58:075][  0]LogConfig: Setting CVar [[r.MotionBlurQuality:0]]
[2019.02.22-23.48.58:075][  0]LogConfig: Setting CVar [[r.AmbientOcclusionMipLevelFactor:1.0]]
[2019.02.22-23.48.58:075][  0]LogConfig: Setting CVar [[r.AmbientOcclusionMaxQuality:0]]
[2019.02.22-23.48.58:075][  0]LogConfig: Setting CVar [[r.AmbientOcclusionLevels:0]]
[2019.02.22-23.48.58:075][  0]LogConfig: Setting CVar [[r.AmbientOcclusionRadiusScale:1.2]]
[2019.02.22-23.48.58:075][  0]LogConfig: Setting CVar [[r.DepthOfFieldQuality:0]]
[2019.02.22-23.48.58:075][  0]LogConfig: Setting CVar [[r.RenderTargetPoolMin:300]]
[2019.02.22-23.48.58:075][  0]LogConfig: Setting CVar [[r.LensFlareQuality:0]]
[2019.02.22-23.48.58:075][  0]LogConfig: Setting CVar [[r.SceneColorFringeQuality:0]]
[2019.02.22-23.48.58:075][  0]LogConfig: Setting CVar [[r.EyeAdaptationQuality:0]]
[2019.02.22-23.48.58:075][  0]LogConfig: Setting CVar [[r.BloomQuality:4]]
[2019.02.22-23.48.58:075][  0]LogConfig: Setting CVar [[r.FastBlurThreshold:0]]
[2019.02.22-23.48.58:075][  0]LogConfig: Setting CVar [[r.Upscale.Quality:1]]
[2019.02.22-23.48.58:075][  0]LogConfig: Setting CVar [[r.Tonemapper.GrainQuantization:0]]
[2019.02.22-23.48.58:075][  0]LogConfig: Setting CVar [[r.LightShaftQuality:0]]
[2019.02.22-23.48.58:075][  0]LogConfig: Setting CVar [[r.Filter.SizeScale:0.6]]
[2019.02.22-23.48.58:075][  0]LogConfig: Setting CVar [[r.Tonemapper.Quality:0]]
[2019.02.22-23.48.58:075][  0]LogConfig: Applying CVar settings from Section [TextureQuality@0] File [C:/Users/dujon/OneDrive/Documents/Unreal Projects/tutorial/Saved/Config/Windows/Scalability.ini]
[2019.02.22-23.48.58:075][  0]LogConfig: Setting CVar [[r.Streaming.MipBias:16]]
[2019.02.22-23.48.58:075][  0]LogConfig: Setting CVar [[r.Streaming.AmortizeCPUToGPUCopy:1]]
[2019.02.22-23.48.58:075][  0]LogConfig: Setting CVar [[r.Streaming.MaxNumTexturesToStreamPerFrame:1]]
[2019.02.22-23.48.58:075][  0]LogConfig: Setting CVar [[r.Streaming.Boost:0.3]]
[2019.02.22-23.48.58:075][  0]LogConfig: Setting CVar [[r.MaxAnisotropy:0]]
[2019.02.22-23.48.58:075][  0]LogConfig: Setting CVar [[r.Streaming.LimitPoolSizeToVRAM:1]]
[2019.02.22-23.48.58:075][  0]LogConfig: Setting CVar [[r.Streaming.PoolSize:400]]
[2019.02.22-23.48.58:075][  0]LogConfig: Setting CVar [[r.Streaming.MaxEffectiveScreenSize:0]]
[2019.02.22-23.48.58:075][  0]LogConfig: Applying CVar settings from Section [EffectsQuality@0] File [C:/Users/dujon/OneDrive/Documents/Unreal Projects/tutorial/Saved/Config/Windows/Scalability.ini]
[2019.02.22-23.48.58:075][  0]LogConfig: Setting CVar [[r.TranslucencyLightingVolumeDim:24]]
[2019.02.22-23.48.58:075][  0]LogConfig: Setting CVar [[r.RefractionQuality:0]]
[2019.02.22-23.48.58:075][  0]LogConfig: Setting CVar [[r.SSR.Quality:0]]
[2019.02.22-23.48.58:075][  0]LogConfig: Setting CVar [[r.SceneColorFormat:3]]
[2019.02.22-23.48.58:075][  0]LogConfig: Setting CVar [[r.DetailMode:0]]
[2019.02.22-23.48.58:075][  0]LogConfig: Setting CVar [[r.TranslucencyVolumeBlur:0]]
[2019.02.22-23.48.58:075][  0]LogConfig: Setting CVar [[r.MaterialQualityLevel:0 ; Low quality]]
[2019.02.22-23.48.58:075][  0]LogConfig: Setting CVar [[r.SSS.Scale:0]]
[2019.02.22-23.48.58:075][  0]LogConfig: Setting CVar [[r.SSS.SampleSet:0]]
[2019.02.22-23.48.58:075][  0]LogConfig: Setting CVar [[r.SSS.Quality:0]]
[2019.02.22-23.48.58:075][  0]LogConfig: Setting CVar [[r.SSS.HalfRes:1]]
[2019.02.22-23.48.58:075][  0]LogConfig: Setting CVar [[r.EmitterSpawnRateScale:0.125]]
[2019.02.22-23.48.58:075][  0]LogConfig: Setting CVar [[r.ParticleLightQuality:0]]
[2019.02.22-23.48.58:075][  0]LogConfig: Applying CVar settings from Section [FoliageQuality@0] File [C:/Users/dujon/OneDrive/Documents/Unreal Projects/tutorial/Saved/Config/Windows/Scalability.ini]
[2019.02.22-23.48.58:075][  0]LogConfig: Setting CVar [[foliage.DensityScale:0]]
[2019.02.22-23.48.58:075][  0]LogConfig: Setting CVar [[grass.DensityScale:0]]
[2019.02.22-23.48.58:076][  0]LogConfig: Applying CVar settings from Section [Startup] File [../../../Engine/Config/ConsoleVariables.ini]
[2019.02.22-23.48.58:076][  0]LogConfig: Setting CVar [[net.UseAdaptiveNetUpdateFrequency:0]]
[2019.02.22-23.48.58:076][  0]LogConfig: Applying CVar settings from Section [ConsoleVariables] File [C:/Users/dujon/OneDrive/Documents/Unreal Projects/tutorial/Saved/Config/Windows/Engine.ini]
[2019.02.22-23.48.58:076][  0]LogInit: Computer: LAPTOP-QJEQEQHL
[2019.02.22-23.48.58:076][  0]LogInit: User: dujon
[2019.02.22-23.48.58:076][  0]LogInit: CPU Page size=4096, Cores=2
[2019.02.22-23.48.58:076][  0]LogInit: High frequency timer resolution =2.343748 MHz
[2019.02.22-23.48.58:077][  0]LogMemory: Memory total: Physical=7.9GB (8GB approx)
[2019.02.22-23.48.58:077][  0]LogMemory: Platform Memory Stats for Windows
[2019.02.22-23.48.58:077][  0]LogMemory: Process Physical Memory: 102.21 MB used, 102.21 MB peak
[2019.02.22-23.48.58:077][  0]LogMemory: Process Virtual Memory: 84.95 MB used, 84.95 MB peak
[2019.02.22-23.48.58:077][  0]LogMemory: Physical Memory: 4963.30 MB used,  3118.60 MB free, 8081.91 MB total
[2019.02.22-23.48.58:077][  0]LogMemory: Virtual Memory: 4614.68 MB used,  134213112.00 MB free, 134217728.00 MB total
[2019.02.22-23.48.58:109][  0]LogInit: Using OS detected language (en-US).
[2019.02.22-23.48.58:110][  0]LogInit: Using OS detected locale (en-US).
[2019.02.22-23.48.58:111][  0]LogTextLocalizationManager: No specific localization for 'en-US' exists, so the 'en' localization will be used.
[2019.02.22-23.48.58:586][  0]LogStreaming: Display: Took  0.476s to InitEngineTextLocalization.
[2019.02.22-23.48.58:586][  0]LogInit: Setting process to per monitor DPI aware
[2019.02.22-23.48.58:645][  0]LogSlate: New Slate User Created.  User Index 0, Is Virtual User: 0
[2019.02.22-23.48.58:645][  0]LogSlate: Slate User Registered.  User Index 0, Is Virtual User: 0
[2019.02.22-23.48.59:033][  0]LogHMD: Failed to initialize OpenVR with code 110
[2019.02.22-23.48.59:033][  0]LogD3D11RHI: D3D11 adapters:
[2019.02.22-23.48.59:049][  0]LogD3D11RHI:    0. 'Intel(R) HD Graphics 520' (Feature Level 11_0)
[2019.02.22-23.48.59:049][  0]LogD3D11RHI:       128/0/4040 MB DedicatedVideo/DedicatedSystem/SharedSystem, Outputs:1, VendorId:0x8086
[2019.02.22-23.48.59:053][  0]LogD3D11RHI:    1. 'Microsoft Basic Render Driver' (Feature Level 11_0)
[2019.02.22-23.48.59:053][  0]LogD3D11RHI:       0/0/4040 MB DedicatedVideo/DedicatedSystem/SharedSystem, Outputs:0, VendorId:0x1414
[2019.02.22-23.48.59:053][  0]LogD3D11RHI: Chosen D3D11 Adapter: 0
[2019.02.22-23.48.59:063][  0]LogD3D11RHI: Creating new Direct3DDevice
[2019.02.22-23.48.59:063][  0]LogD3D11RHI:     GPU DeviceId: 0x1916 (for the marketing name, search the web for "GPU Device Id")
[2019.02.22-23.48.59:063][  0]LogWindows: EnumDisplayDevices:
[2019.02.22-23.48.59:063][  0]LogWindows:    0. 'Intel(R) HD Graphics 520' (P:1 D:1)
[2019.02.22-23.48.59:064][  0]LogWindows:    1. 'Intel(R) HD Graphics 520' (P:0 D:0)
[2019.02.22-23.48.59:065][  0]LogWindows:    2. 'Intel(R) HD Graphics 520' (P:0 D:0)
[2019.02.22-23.48.59:066][  0]LogWindows: DebugString: FoundDriverCount:3 
[2019.02.22-23.48.59:066][  0]LogD3D11RHI:     Adapter Name: Intel(R) HD Graphics 520
[2019.02.22-23.48.59:066][  0]LogD3D11RHI:   Driver Version: 22.20.16.4749 (internal:22.20.16.4749, unified:22.20.16.4749)
[2019.02.22-23.48.59:066][  0]LogD3D11RHI:      Driver Date: 7-24-2017
[2019.02.22-23.48.59:066][  0]LogRHI: Texture pool is 1503 MB (70% of 2148 MB)
[2019.02.22-23.48.59:091][  0]LogD3D11RHI: [IntelMetricsDiscovery] Started
[2019.02.22-23.48.59:091][  0]LogD3D11RHI: Async texture creation enabled
[2019.02.22-23.48.59:101][  0]LogD3D11RHI: GPU Timing Frequency: 12.000000 (Debug: 2 0)
[2019.02.22-23.48.59:605][  0]LogTemp: Display: Loaded TP AllDesktopTargetPlatform
[2019.02.22-23.48.59:623][  0]LogTemp: Display: Loaded TP MacClientTargetPlatform
[2019.02.22-23.48.59:642][  0]LogTemp: Display: Loaded TP MacNoEditorTargetPlatform
[2019.02.22-23.48.59:664][  0]LogTemp: Display: Loaded TP MacServerTargetPlatform
[2019.02.22-23.48.59:681][  0]LogTemp: Display: Loaded TP MacTargetPlatform
[2019.02.22-23.48.59:699][  0]LogTemp: Display: Loaded TP WindowsClientTargetPlatform
[2019.02.22-23.48.59:718][  0]LogTemp: Display: Loaded TP WindowsNoEditorTargetPlatform
[2019.02.22-23.48.59:735][  0]LogTemp: Display: Loaded TP WindowsServerTargetPlatform
[2019.02.22-23.48.59:744][  0]LogTemp: Display: Loaded TP WindowsTargetPlatform
[2019.02.22-23.48.59:838][  0]LogTemp: Display: Loaded TP AndroidTargetPlatform
[2019.02.22-23.48.59:838][  0]LogTemp: Display: Loaded TP AndroidTargetPlatform
[2019.02.22-23.48.59:838][  0]LogTemp: Display: Loaded TP AndroidTargetPlatform
[2019.02.22-23.48.59:838][  0]LogTemp: Display: Loaded TP AndroidTargetPlatform
[2019.02.22-23.48.59:838][  0]LogTemp: Display: Loaded TP AndroidTargetPlatform
[2019.02.22-23.48.59:838][  0]LogTemp: Display: Loaded TP AndroidTargetPlatform
[2019.02.22-23.48.59:838][  0]LogTemp: Display: Loaded TP AndroidTargetPlatform
[2019.02.22-23.48.59:838][  0]LogTemp: Display: Loaded TP AndroidTargetPlatform
[2019.02.22-23.48.59:838][  0]LogTemp: Display: Loaded TP AndroidTargetPlatform
[2019.02.22-23.48.59:838][  0]LogTemp: Display: Loaded TP AndroidTargetPlatform
[2019.02.22-23.48.59:838][  0]LogTemp: Display: Loaded TP AndroidTargetPlatform
[2019.02.22-23.48.59:838][  0]LogTemp: Display: Loaded TP AndroidTargetPlatform
[2019.02.22-23.48.59:838][  0]LogTemp: Display: Loaded TP AndroidTargetPlatform
[2019.02.22-23.48.59:838][  0]LogTemp: Display: Loaded TP AndroidTargetPlatform
[2019.02.22-23.48.59:838][  0]LogTemp: Display: Loaded TP AndroidTargetPlatform
[2019.02.22-23.48.59:838][  0]LogTemp: Display: Loaded TP AndroidTargetPlatform
[2019.02.22-23.48.59:838][  0]LogTemp: Display: Loaded TP AndroidTargetPlatform
[2019.02.22-23.48.59:838][  0]LogTemp: Display: Loaded TP AndroidTargetPlatform
[2019.02.22-23.48.59:839][  0]LogTemp: Display: Loaded TP HTML5TargetPlatform
[2019.02.22-23.48.59:911][  0]LogTemp: Display: Loaded TP IOSTargetPlatform
[2019.02.22-23.48.59:911][  0]LogTemp: Display: Loaded TP IOSTargetPlatform
[2019.02.22-23.48.59:941][  0]LogTemp: Display: Loaded TP TVOSTargetPlatform
[2019.02.22-23.48.59:941][  0]LogTemp: Display: Loaded TP TVOSTargetPlatform
[2019.02.22-23.48.59:955][  0]LogTemp: Display: Loaded TP LinuxClientTargetPlatform
[2019.02.22-23.48.59:971][  0]LogTemp: Display: Loaded TP LinuxNoEditorTargetPlatform
[2019.02.22-23.48.59:987][  0]LogTemp: Display: Loaded TP LinuxServerTargetPlatform
[2019.02.22-23.49.00:008][  0]LogTemp: Display: Loaded TP LinuxTargetPlatform
[2019.02.22-23.49.00:066][  0]LogTemp: Display: Loaded TP LuminTargetPlatform
[2019.02.22-23.49.00:067][  0]LogTemp: Display: Loaded TP LuminTargetPlatform
[2019.02.22-23.49.00:067][  0]LogTargetPlatformManager: Display: Building Assets For Windows
[2019.02.22-23.49.00:165][  0]LogShaderCompilers: Guid format shader working directory is -28 characters bigger than the processId version (../../../../../../Users/dujon/OneDrive/Documents/Unreal Projects/tutorial/Intermediate/Shaders/WorkingDirectory/10580/).
[2019.02.22-23.49.00:165][  0]LogShaderCompilers: Cleaned the shader compiler working directory 'C:/Users/dujon/AppData/Local/Temp/UnrealShaderWorkingDir/05CF964243371DCFE27768987B08F528/'.
[2019.02.22-23.49.00:169][  0]LogXGEController: Cannot use XGE Controller as Incredibuild is not installed on this machine.
[2019.02.22-23.49.00:169][  0]LogShaderCompilers: Cannot use XGE Shader Compiler as Incredibuild is not installed on this machine.
[2019.02.22-23.49.00:169][  0]LogShaderCompilers: Display: Using Local Shader Compiler.
[2019.02.22-23.49.00:866][  0]LogDerivedDataCache: Display: Max Cache Size: 512 MB
[2019.02.22-23.49.00:928][  0]LogDerivedDataCache: Loaded boot cache 0.06s 71MB C:/Users/dujon/AppData/Local/UnrealEngine/4.21/DerivedDataCache/Boot.ddc.
[2019.02.22-23.49.00:928][  0]LogDerivedDataCache: Display: Loaded Boot cache: C:/Users/dujon/AppData/Local/UnrealEngine/4.21/DerivedDataCache/Boot.ddc
[2019.02.22-23.49.00:929][  0]LogDerivedDataCache: FDerivedDataBackendGraph:  Pak pak cache file ../../../../../../Users/dujon/OneDrive/Documents/Unreal Projects/tutorial/DerivedDataCache/DDC.ddp not found, will not use a pak cache.
[2019.02.22-23.49.00:929][  0]LogDerivedDataCache: Unable to find inner node Pak for hierarchical cache Hierarchy.
[2019.02.22-23.49.00:929][  0]LogDerivedDataCache: FDerivedDataBackendGraph:  CompressedPak pak cache file ../../../../../../Users/dujon/OneDrive/Documents/Unreal Projects/tutorial/DerivedDataCache/Compressed.ddp not found, will not use a pak cache.
[2019.02.22-23.49.00:929][  0]LogDerivedDataCache: Unable to find inner node CompressedPak for hierarchical cache Hierarchy.
[2019.02.22-23.49.00:945][  0]LogDerivedDataCache: Display: Pak cache opened for reading ../../../Engine/DerivedDataCache/Compressed.ddp.
[2019.02.22-23.49.00:945][  0]LogDerivedDataCache: FDerivedDataBackendGraph:  EnterprisePak pak cache file ../../../Enterprise/DerivedDataCache/Compressed.ddp not found, will not use a pak cache.
[2019.02.22-23.49.00:945][  0]LogDerivedDataCache: Unable to find inner node EnterprisePak for hierarchical cache Hierarchy.
[2019.02.22-23.49.00:958][  0]LogDerivedDataCache: Using Local data cache path C:/Users/dujon/AppData/Local/UnrealEngine/Common/DerivedDataCache: Writable
[2019.02.22-23.49.00:958][  0]LogDerivedDataCache: Shared data cache path not found in *engine.ini, will not use an Shared cache.
[2019.02.22-23.49.00:958][  0]LogDerivedDataCache: Unable to find inner node Shared for hierarchical cache Hierarchy.
[2019.02.22-23.49.00:990][  0]LogMaterial: Verifying Global Shaders for PCD3D_SM5
[2019.02.22-23.49.00:992][  0]LogSlate: Using FreeType 2.6.0
[2019.02.22-23.49.00:993][  0]LogSlate: SlateFontServices - WITH_FREETYPE: 1, WITH_HARFBUZZ: 1
[2019.02.22-23.49.01:116][  0]LogAssetRegistry: FAssetRegistry took 0.0358 seconds to start up
[2019.02.22-23.49.01:638][  0]LogInit: Selected Device Profile: [Windows]
[2019.02.22-23.49.01:889][  0]LogSimplygon: Simplygon DLL not present - disabling.
[2019.02.22-23.49.01:896][  0]LogMeshReduction: Using SimplygonSwarm for distributed automatic mesh merging
[2019.02.22-23.49.01:896][  0]LogMeshReduction: Using ProxyLODMeshReduction for automatic mesh merging
[2019.02.22-23.49.01:896][  0]LogMeshReduction: Using QuadricMeshReduction for automatic static mesh reduction
[2019.02.22-23.49.01:896][  0]LogMeshReduction: No automatic skeletal mesh reduction module available
[2019.02.22-23.49.01:918][  0]LogNetVersion: tutorial 1.0.0, NetCL: 4541578, EngineNetVer: 5, GameNetVer: 0 (Checksum: 900602032)
[2019.02.22-23.49.02:907][  0]LogPackageLocalizationCache: Processed 11 localized package path(s) for 2 prioritized culture(s) in 0.133423 seconds
[2019.02.22-23.49.02:915][  0]LogUObjectArray: 39775 objects as part of root set at end of initial load.
[2019.02.22-23.49.02:915][  0]LogUObjectAllocator: 6914664 out of 0 bytes used by permanent object pool.
[2019.02.22-23.49.02:915][  0]LogUObjectArray: CloseDisregardForGC: 0/0 objects in disregard for GC pool
[2019.02.22-23.49.04:453][  0]LogTcpMessaging: Initializing TcpMessaging bridge
[2019.02.22-23.49.04:469][  0]LogUdpMessaging: Initializing bridge on interface 0.0.0.0:0 to multicast group 230.0.0.1:6666.
[2019.02.22-23.49.04:470][  0]FUdpSocketBuilder: Failed to subscribe UdpMessageMulticastSocket to multicast group 230.0.0.1
[2019.02.22-23.49.04:470][  0]FUdpSocketBuilder: Failed to create and initialize socket UdpMessageMulticastSocket (last error: 0)
[2019.02.22-23.49.04:470][  0]LogUdpMessaging: Warning: StartTransport failed to create multicast socket on 0.0.0.0:0, joined to 230.0.0.1:6666 with TTL 1
[2019.02.22-23.49.05:844][  0]SourceControl: Source control is disabled
[2019.02.22-23.49.05:844][  0]SourceControl: Source control is disabled
[2019.02.22-23.49.05:847][  0]SourceControl: Source control is disabled
[2019.02.22-23.49.05:849][  0]SourceControl: Source control is disabled
[2019.02.22-23.49.06:089][  0]LogAndroidPermission: UAndroidPermissionCallbackProxy::GetInstance
[2019.02.22-23.49.06:184][  0]LogOcInput: OculusInput pre-init called
[2019.02.22-23.49.06:371][  0]LogEngine: Initializing Engine...
[2019.02.22-23.49.06:372][  0]LogHMD: Failed to initialize OpenVR with code 110
[2019.02.22-23.49.06:374][  0]LogStats: UGameplayTagsManager::ConstructGameplayTagTree: ImportINI prefixes -  0.000 s
[2019.02.22-23.49.06:374][  0]LogStats: UGameplayTagsManager::ConstructGameplayTagTree: Construct from data asset -  0.000 s
[2019.02.22-23.49.06:374][  0]LogStats: UGameplayTagsManager::ConstructGameplayTagTree: ImportINI -  0.000 s
[2019.02.22-23.49.06:374][  0]LogStats: UGameplayTagsManager::ConstructGameplayTagTree: GameplayTagTreeChangedEvent.Broadcast -  0.000 s
[2019.02.22-23.49.06:813][  0]LogInit: Initializing FReadOnlyCVARCache
[2019.02.22-23.49.06:840][  0]LogAIModule: Creating AISystem for world Untitled
[2019.02.22-23.49.06:860][  0]LogInit: XAudio2 using 'Speaker/Headphone (Realtek High Definition Audio)' : 2 channels at 48 kHz using 32 bits per sample (channel mask 0x3)
[2019.02.22-23.49.07:589][  0]LogInit: FAudioDevice initialized.
[2019.02.22-23.49.07:590][  0]LogNetVersion: Set ProjectVersion to 1.0.0.0. Version Checksum will be recalculated on next use.
[2019.02.22-23.49.07:817][  0]LogDerivedDataCache: Saved boot cache 0.23s 71MB C:/Users/dujon/AppData/Local/UnrealEngine/4.21/DerivedDataCache/Boot.ddc.
[2019.02.22-23.49.07:836][  0]LogInit: Texture streaming: Enabled
[2019.02.22-23.49.07:880][  0]LogEngineSessionManager: EngineSessionManager initialized
[2019.02.22-23.49.07:906][  0]LogInit: Transaction tracking system initialized
[2019.02.22-23.49.07:960][  0]BlueprintLog: New page: Editor Load
[2019.02.22-23.49.08:102][  0]LocalizationService: Localization service is disabled
[2019.02.22-23.49.09:562][  0]LogFileCache: Scanning file cache for directory 'C:/Users/dujon/OneDrive/Documents/Unreal Projects/tutorial/Content/' took 0.02s
[2019.02.22-23.49.09:563][  0]LogCook: Display: Max memory allowance for cook 16384mb min free memory 0mb
[2019.02.22-23.49.09:563][  0]LogCook: Display: Mobile HDR setting 1
[2019.02.22-23.49.09:563][  0]LogGameplayTags: Display: UGameplayTagsManager::DoneAddingNativeTags. DelegateIsBound: 0
[2019.02.22-23.49.09:563][  0]LogStats: UGameplayTagsManager::ConstructGameplayTagTree: ImportINI prefixes -  0.000 s
[2019.02.22-23.49.09:563][  0]LogStats: UGameplayTagsManager::ConstructGameplayTagTree: Construct from data asset -  0.000 s
[2019.02.22-23.49.09:563][  0]LogStats: UGameplayTagsManager::ConstructGameplayTagTree: ImportINI -  0.000 s
[2019.02.22-23.49.09:563][  0]LogStats: UGameplayTagsManager::ConstructGameplayTagTree: GameplayTagTreeChangedEvent.Broadcast -  0.000 s
[2019.02.22-23.49.09:826][  0]SourceControl: Source control is disabled
[2019.02.22-23.49.09:826][  0]Cmd: MAP LOAD FILE="../../../../../../Users/dujon/OneDrive/Documents/Unreal Projects/tutorial/Content/StarterContent/Maps/Minimal_Default.umap" TEMPLATE=0 SHOWPROGRESS=1 FEATURELEVEL=3
[2019.02.22-23.49.09:827][  0]LightingResults: New page: Lighting Build
[2019.02.22-23.49.09:834][  0]MapCheck: New page: Map Check
[2019.02.22-23.49.09:834][  0]LightingResults: New page: Lighting Build
[2019.02.22-23.49.10:369][  0]LogAIModule: Creating AISystem for world Minimal_Default
[2019.02.22-23.49.10:381][  0]LogEditorServer: Finished looking for orphan Actors (0.000 secs)
[2019.02.22-23.49.10:418][  0]Cmd: MAP CHECKDEP NOCLEARLOG
[2019.02.22-23.49.10:418][  0]MapCheck: Map check complete: 0 Error(s), 0 Warning(s), took 0.285ms to complete.
[2019.02.22-23.49.10:418][  0]LogFileHelpers: Loading map 'Minimal_Default' took 0.592
[2019.02.22-23.49.10:603][  0]LogSlate: Updating window title bar state: overlay mode, drag disabled, window buttons hidden, title bar hidden
[2019.02.22-23.49.10:622][  0]LogSlate: Updating window title bar state: overlay mode, drag disabled, window buttons hidden, title bar hidden
[2019.02.22-23.49.10:642][  0]LogSlate: Updating window title bar state: overlay mode, drag disabled, window buttons hidden, title bar hidden
[2019.02.22-23.49.10:663][  0]LogSlate: Updating window title bar state: overlay mode, drag disabled, window buttons hidden, title bar hidden
[2019.02.22-23.49.10:679][  0]LogCollectionManager: Loaded 0 collections in 0.005107 seconds
[2019.02.22-23.49.10:723][  0]LogFileCache: Scanning file cache for directory 'C:/Users/dujon/OneDrive/Documents/Unreal Projects/tutorial/Saved/Collections/' took 0.01s
[2019.02.22-23.49.10:723][  0]LogFileCache: Scanning file cache for directory 'C:/Users/dujon/OneDrive/Documents/Unreal Projects/tutorial/Content/Developers/dujon/Collections/' took 0.01s
[2019.02.22-23.49.10:723][  0]LogFileCache: Scanning file cache for directory 'C:/Users/dujon/OneDrive/Documents/Unreal Projects/tutorial/Content/Collections/' took 0.01s
[2019.02.22-23.49.10:723][  0]LogCollectionManager: Rebuilt the GUID cache for 0 collections in 0.000000 seconds
[2019.02.22-23.49.10:739][  0]LogContentBrowser: Native class hierarchy populated in 0.0158 seconds. Added 2651 classes and 620 folders.
[2019.02.22-23.49.10:755][  0]LogContentBrowser: Native class hierarchy updated for 'WidgetCarousel' in 0.0003 seconds. Added 0 classes and 0 folders.
[2019.02.22-23.49.10:759][  0]LogPakFile: Registered encryption key '00000000000000000000000000000000': 0 pak files mounted, 0 remain pending
[2019.02.22-23.49.10:761][  0]LogPakFile: Registered encryption key '00000000000000000000000000000000': 0 pak files mounted, 0 remain pending
[2019.02.22-23.49.10:762][  0]LogPakFile: Registered encryption key '00000000000000000000000000000000': 0 pak files mounted, 0 remain pending
[2019.02.22-23.49.10:763][  0]LogPakFile: Registered encryption key '00000000000000000000000000000000': 0 pak files mounted, 0 remain pending
[2019.02.22-23.49.10:764][  0]LogPakFile: Registered encryption key '00000000000000000000000000000000': 0 pak files mounted, 0 remain pending
[2019.02.22-23.49.10:766][  0]LogPakFile: Registered encryption key '00000000000000000000000000000000': 0 pak files mounted, 0 remain pending
[2019.02.22-23.49.10:767][  0]LogPakFile: Registered encryption key '00000000000000000000000000000000': 0 pak files mounted, 0 remain pending
[2019.02.22-23.49.10:768][  0]LogPakFile: Registered encryption key '00000000000000000000000000000000': 0 pak files mounted, 0 remain pending
[2019.02.22-23.49.10:768][  0]LogPakFile: Registered encryption key '00000000000000000000000000000000': 0 pak files mounted, 0 remain pending
[2019.02.22-23.49.10:769][  0]LogPakFile: Registered encryption key '00000000000000000000000000000000': 0 pak files mounted, 0 remain pending
[2019.02.22-23.49.10:770][  0]LogPakFile: Registered encryption key '00000000000000000000000000000000': 0 pak files mounted, 0 remain pending
[2019.02.22-23.49.10:771][  0]LogPakFile: Registered encryption key '00000000000000000000000000000000': 0 pak files mounted, 0 remain pending
[2019.02.22-23.49.10:772][  0]LogPakFile: Registered encryption key '00000000000000000000000000000000': 0 pak files mounted, 0 remain pending
[2019.02.22-23.49.10:772][  0]LogPakFile: Registered encryption key '00000000000000000000000000000000': 0 pak files mounted, 0 remain pending
[2019.02.22-23.49.10:773][  0]LogPakFile: Registered encryption key '00000000000000000000000000000000': 0 pak files mounted, 0 remain pending
[2019.02.22-23.49.10:775][  0]LogPakFile: Registered encryption key '00000000000000000000000000000000': 0 pak files mounted, 0 remain pending
[2019.02.22-23.49.10:775][  0]LogPakFile: Registered encryption key '00000000000000000000000000000000': 0 pak files mounted, 0 remain pending
[2019.02.22-23.49.10:776][  0]LogPakFile: Registered encryption key '00000000000000000000000000000000': 0 pak files mounted, 0 remain pending
[2019.02.22-23.49.10:778][  0]LogPakFile: Registered encryption key '00000000000000000000000000000000': 0 pak files mounted, 0 remain pending
[2019.02.22-23.49.10:779][  0]LogPakFile: Registered encryption key '00000000000000000000000000000000': 0 pak files mounted, 0 remain pending
[2019.02.22-23.49.10:779][  0]LogPakFile: Registered encryption key '00000000000000000000000000000000': 0 pak files mounted, 0 remain pending
[2019.02.22-23.49.10:780][  0]LogPakFile: Registered encryption key '00000000000000000000000000000000': 0 pak files mounted, 0 remain pending
[2019.02.22-23.49.10:781][  0]LogPakFile: Registered encryption key '00000000000000000000000000000000': 0 pak files mounted, 0 remain pending
[2019.02.22-23.49.10:782][  0]LogPakFile: Registered encryption key '00000000000000000000000000000000': 0 pak files mounted, 0 remain pending
[2019.02.22-23.49.10:783][  0]LogPakFile: Registered encryption key '00000000000000000000000000000000': 0 pak files mounted, 0 remain pending
[2019.02.22-23.49.10:784][  0]LogPakFile: Registered encryption key '00000000000000000000000000000000': 0 pak files mounted, 0 remain pending
[2019.02.22-23.49.10:885][  0]LogContentBrowser: Native class hierarchy updated for 'AddContentDialog' in 0.0006 seconds. Added 0 classes and 0 folders.
[2019.02.22-23.49.10:894][  0]LogContentBrowser: Native class hierarchy updated for 'SceneOutliner' in 0.0004 seconds. Added 1 classes and 2 folders.
[2019.02.22-23.49.10:913][  0]LogSlate: Took 0.000355 seconds to synchronously load lazily loaded font '../../../Engine/Content/Slate/Fonts/Roboto-Regular.ttf' (155K)
[2019.02.22-23.49.10:917][  0]LogSlate: Took 0.000317 seconds to synchronously load lazily loaded font '../../../Engine/Content/Slate/Fonts/Roboto-Bold.ttf' (160K)
[2019.02.22-23.49.10:928][  0]LogSlate: Took 0.000444 seconds to synchronously load lazily loaded font '../../../Engine/Content/Editor/Slate/Fonts/FontAwesome.ttf' (139K)
[2019.02.22-23.49.11:075][  0]LogRenderer: Reallocating scene render targets to support 580x372 Format 9 NumSamples 1 (Frame:1).
[2019.02.22-23.49.12:465][  0]LogContentBrowser: Native class hierarchy updated for 'HierarchicalLODOutliner' in 0.0007 seconds. Added 0 classes and 0 folders.
[2019.02.22-23.49.12:465][  0]LogLoad: (Engine Initialization) Total time: 17.55 seconds
[2019.02.22-23.49.12:465][  0]LogLoad: (Engine Initialization) Total Blueprint compile time: 0.00 seconds
[2019.02.22-23.49.12:479][  0]LogWindowsTextInputMethodSystem: Display: IME system now deactivated.
[2019.02.22-23.49.12:556][  0]LogContentStreaming: Texture pool size now 400 MB
[2019.02.22-23.49.12:573][  0]LogSlate: Took 0.000366 seconds to synchronously load lazily loaded font '../../../Engine/Content/Slate/Fonts/Roboto-Light.ttf' (167K)
[2019.02.22-23.49.12:719][  2]LogAssetRegistry: Asset discovery search completed in 11.6244 seconds
[2019.02.22-23.49.12:723][  2]LogCollectionManager: Rebuilt the object cache for 0 collections in 0.000001 seconds (found 0 objects)
[2019.02.22-23.49.12:723][  2]LogCollectionManager: Fixed up redirectors for 0 collections in 0.000137 seconds (updated 0 objects)
[2019.02.22-23.49.20:376][371]LogSlate: FSceneViewport::OnFocusLost() reason 0
[2019.02.22-23.49.22:375][501]LogSlate: Took 0.000621 seconds to synchronously load lazily loaded font '../../../Engine/Content/Slate/Fonts/Roboto-Light.ttf' (167K)
[2019.02.22-23.49.22:736][501]LogAIModule: Creating AISystem for world NewMap
[2019.02.22-23.49.22:762][501]LogAssetEditorManager: Opening Asset editor for World /Game/NewMap.NewMap
[2019.02.22-23.49.22:801][501]Cmd: MAP LOAD FILE="../../../../../../Users/dujon/OneDrive/Documents/Unreal Projects/tutorial/Content/NewMap.umap" TEMPLATE=0 SHOWPROGRESS=1 FEATURELEVEL=3
[2019.02.22-23.49.22:801][501]LightingResults: New page: Lighting Build
[2019.02.22-23.49.22:802][501]LoadErrors: New page: Loading map: NewMap.umap
[2019.02.22-23.49.22:803][501]MapCheck: New page: Map Check
[2019.02.22-23.49.22:803][501]LightingResults: New page: Lighting Build
[2019.02.22-23.49.22:850][501]LogEditorServer: Finished looking for orphan Actors (0.000 secs)
[2019.02.22-23.49.22:923][501]Cmd: MAP CHECKDEP NOCLEARLOG
[2019.02.22-23.49.22:923][501]MapCheck: Map check complete: 0 Error(s), 0 Warning(s), took 0.283ms to complete.
[2019.02.22-23.49.22:923][501]LogFileHelpers: Loading map 'NewMap' took 0.123
[2019.02.22-23.49.28:708][722]LogEditorViewport: Clicking Background
[2019.02.22-23.49.39:351][246]LogSlate: FSceneViewport::OnFocusLost() reason 0
[2019.02.22-23.50.13:065][940]LogHttp: Warning: 000001C162860680: request failed, libcurl error: 6 (Couldn't resolve host name)
[2019.02.22-23.50.13:065][940]LogHttp: Warning: 000001C162860680: libcurl info message cache 0 (Could not resolve host: datarouter.ol.epicgames.com)
[2019.02.22-23.50.13:065][940]LogHttp: Warning: 000001C162860680: libcurl info message cache 1 (Closing connection 0)
[2019.02.22-23.50.13:065][940]LogHttp: Warning: Retry exhausted on https://datarouter.ol.epicgames.com/datarouter/api/v1/public/data?SessionID=%7B5A4A7959-428A-D328-E889-DDB3EF6EB33A%7D&AppID=UEEditor.Rocket.Release&AppVersion=4.21.2-4753647%2B%2B%2BUE4%2BRelease-4.21&UserID=bc100f1c477db347babbf38ad36be6e9%7C940a533896594491bb2eca1542d41f9e%7C7cf640c8-f412-41e7-b49c-cfde58a71adb&AppEnvironment=datacollector-binary&UploadType=eteventstream
