Log file open, 02/22/19 20:00:28
LogWindows: Failed to load 'aqProf.dll' (GetLastError=126)
LogWindows: File 'aqProf.dll' does not exist
LogWindows: Failed to load 'VtuneApi.dll' (GetLastError=126)
LogWindows: File 'VtuneApi.dll' does not exist
LogWindows: Failed to load 'VtuneApi32e.dll' (GetLastError=126)
LogWindows: File 'VtuneApi32e.dll' does not exist
LogConsoleResponse: Display: Failed to find resolution value strings in scalability ini. Falling back to default.
LogInit: Display: Running engine for game: tutorial
LogPakFile: Registered encryption key '00000000000000000000000000000000': 0 pak files mounted, 0 remain pending
LogPlatformFile: Not using cached read wrapper
LogTaskGraph: Started task graph with 5 named threads and 11 total threads with 3 sets of task threads.
LogStats: Stats thread started at 0.228763
LogD3D11RHI: Loaded GFSDK_Aftermath_Lib.x64.dll
LogICUInternationalization: ICU TimeZone Detection - Raw Offset: -5:00, Platform Override: ''
LogPluginManager: Mounting plugin Paper2D
LogPluginManager: Mounting plugin AISupport
LogPluginManager: Mounting plugin LightPropagationVolume
LogPluginManager: Mounting plugin ActorLayerUtilities
LogPluginManager: Mounting plugin CLionSourceCodeAccess
LogPluginManager: Mounting plugin CodeLiteSourceCodeAccess
LogPluginManager: Mounting plugin GitSourceControl
LogPluginManager: Mounting plugin KDevelopSourceCodeAccess
LogPluginManager: Mounting plugin NullSourceCodeAccess
LogPluginManager: Mounting plugin PerforceSourceControl
LogPluginManager: Mounting plugin SubversionSourceControl
LogPluginManager: Mounting plugin UObjectPlugin
LogPluginManager: Mounting plugin VisualStudioCodeSourceCodeAccess
LogPluginManager: Mounting plugin VisualStudioSourceCodeAccess
LogPluginManager: Mounting plugin XCodeSourceCodeAccess
LogPluginManager: Mounting plugin AssetManagerEditor
LogPluginManager: Mounting plugin CryptoKeys
LogPluginManager: Mounting plugin DataValidation
LogPluginManager: Mounting plugin FacialAnimation
LogPluginManager: Mounting plugin GameplayTagsEditor
LogPluginManager: Mounting plugin MacGraphicsSwitching
LogPluginManager: Mounting plugin MeshEditor
LogPluginManager: Mounting plugin MobileLauncherProfileWizard
LogPluginManager: Mounting plugin PluginBrowser
LogPluginManager: Mounting plugin SpeedTreeImporter
LogPluginManager: Mounting plugin DatasmithContent
LogPluginManager: Mounting plugin VariantManagerContent
LogPluginManager: Mounting plugin AlembicImporter
LogPluginManager: Mounting plugin AppleImageUtils
LogPluginManager: Mounting plugin AppleVision
LogPluginManager: Mounting plugin BackChannel
LogPluginManager: Mounting plugin CharacterAI
LogPluginManager: Mounting plugin GeometryCache
LogPluginManager: Mounting plugin HTML5Networking
LogPluginManager: Mounting plugin ProxyLODPlugin
LogPluginManager: Mounting plugin MagicLeap
LogPluginManager: Mounting plugin MagicLeapMedia
LogPluginManager: Mounting plugin AndroidMedia
LogPluginManager: Mounting plugin AvfMedia
LogPluginManager: Mounting plugin ImgMedia
LogPluginManager: Mounting plugin LinearTimecode
LogPluginManager: Mounting plugin MediaCompositing
LogPluginManager: Mounting plugin MediaPlayerEditor
LogPluginManager: Mounting plugin WebMMedia
LogPluginManager: Mounting plugin WmfMedia
LogPluginManager: Mounting plugin TcpMessaging
LogPluginManager: Mounting plugin UdpMessaging
LogPluginManager: Mounting plugin ActorSequence
LogPluginManager: Mounting plugin LevelSequenceEditor
LogPluginManager: Mounting plugin MatineeToLevelSequence
LogPluginManager: Mounting plugin NetcodeUnitTest
LogPluginManager: Mounting plugin NUTUnrealEngine4
LogPluginManager: Mounting plugin OnlineSubsystemGooglePlay
LogPluginManager: Mounting plugin OnlineSubsystemIOS
LogPluginManager: Mounting plugin OnlineSubsystem
LogPluginManager: Mounting plugin OnlineSubsystemNull
LogPluginManager: Mounting plugin OnlineSubsystemUtils
LogPluginManager: Mounting plugin LauncherChunkInstaller
LogPluginManager: Mounting plugin AndroidDeviceProfileSelector
LogPluginManager: Mounting plugin AndroidMoviePlayer
LogPluginManager: Mounting plugin AndroidPermission
LogPluginManager: Mounting plugin AppleMoviePlayer
LogPluginManager: Mounting plugin ArchVisCharacter
LogPluginManager: Mounting plugin AudioCapture
LogPluginManager: Mounting plugin CableComponent
LogPluginManager: Mounting plugin CustomMeshComponent
LogPluginManager: Mounting plugin EditableMesh
LogPluginManager: Mounting plugin ExampleDeviceProfileSelector
LogPluginManager: Mounting plugin Firebase
LogPluginManager: Mounting plugin GoogleCloudMessaging
LogPluginManager: Mounting plugin IOSDeviceProfileSelector
LogPluginManager: Mounting plugin LinuxDeviceProfileSelector
LogPluginManager: Mounting plugin LocationServicesBPLibrary
LogPluginManager: Mounting plugin MobilePatchingUtils
LogPluginManager: Mounting plugin OculusVR
LogPluginManager: Mounting plugin PhysXVehicles
LogPluginManager: Mounting plugin ProceduralMeshComponent
LogPluginManager: Mounting plugin RuntimePhysXCooking
LogPluginManager: Mounting plugin SteamVR
LogPluginManager: Mounting plugin WebMMoviePlayer
LogPluginManager: Mounting plugin WindowsMoviePlayer
LogStreaming: Display: Took  0.156s to configure plugins.
LogInit: Using libcurl 7.55.1-DEV
LogInit:  - built for x86_64-pc-win32
LogInit:  - supports SSL with OpenSSL/1.0.2h
LogInit:  - supports HTTP deflate (compression) using libz 1.2.8
LogInit:  - other features:
LogInit:      CURL_VERSION_SSL
LogInit:      CURL_VERSION_LIBZ
LogInit:      CURL_VERSION_IPV6
LogInit:      CURL_VERSION_ASYNCHDNS
LogInit:      CURL_VERSION_LARGEFILE
LogInit:      CURL_VERSION_IDN
LogInit:  CurlRequestOptions (configurable via config and command line):
LogInit:  - bVerifyPeer = true  - Libcurl will verify peer certificate
LogInit:  - bUseHttpProxy = false  - Libcurl will NOT use HTTP proxy
LogInit:  - bDontReuseConnections = false  - Libcurl will reuse connections
LogInit:  - MaxHostConnections = 16  - Libcurl will limit the number of connections to a host
LogInit:  - LocalHostAddr = Default
LogInit:  - BufferSize = 65536
LogInit: WinSock: version 1.1 (2.2), MaxSocks=32767, MaxUdp=65467
LogInit: Build: ++UE4+Release-4.21-CL-4753647
LogInit: Engine Version: 4.21.2-4753647+++UE4+Release-4.21
LogInit: Compatible Engine Version: 4.21.0-4541578+++UE4+Release-4.21
LogInit: Net CL: 4541578
LogInit: OS: Windows 10 (), CPU: Intel(R) Core(TM) i5-6200U CPU @ 2.30GHz, GPU: Intel(R) HD Graphics 520
LogInit: Compiled (64-bit): Jan 19 2019 02:07:31
LogInit: Compiled with Visual C++: 19.13.26129.00
LogInit: Build Configuration: Development
LogInit: Branch Name: ++UE4+Release-4.21
LogInit: Command Line:  -EpicPortal -epicusername=dcon-money -epicuserid=940a533896594491bb2eca1542d41f9e -epiclocale=en-US
LogInit: Base Directory: C:/Program Files/Epic Games/UE_4.21/Engine/Binaries/Win64/
LogInit: Installed Engine Build: 1
LogDevObjectVersion: Number of dev versions registered: 22
LogDevObjectVersion:   Dev-Blueprints (B0D832E4-1F89-4F0D-ACCF-7EB736FD4AA2): 10
LogDevObjectVersion:   Dev-Build (E1C64328-A22C-4D53-A36C-8E866417BD8C): 0
LogDevObjectVersion:   Dev-Core (375EC13C-06E4-48FB-B500-84F0262A717E): 2
LogDevObjectVersion:   Dev-Editor (E4B068ED-F494-42E9-A231-DA0B2E46BB41): 26
LogDevObjectVersion:   Dev-Framework (CFFC743F-43B0-4480-9391-14DF171D2073): 34
LogDevObjectVersion:   Dev-Mobile (B02B49B5-BB20-44E9-A304-32B752E40360): 2
LogDevObjectVersion:   Dev-Networking (A4E4105C-59A1-49B5-A7C5-40C4547EDFEE): 0
LogDevObjectVersion:   Dev-Online (39C831C9-5AE6-47DC-9A44-9C173E1C8E7C): 0
LogDevObjectVersion:   Dev-Physics (78F01B33-EBEA-4F98-B9B4-84EACCB95AA2): 0
LogDevObjectVersion:   Dev-Platform (6631380F-2D4D-43E0-8009-CF276956A95A): 0
LogDevObjectVersion:   Dev-Rendering (12F88B9F-8875-4AFC-A67C-D90C383ABD29): 27
LogDevObjectVersion:   Dev-Sequencer (7B5AE74C-D270-4C10-A958-57980B212A5A): 9
LogDevObjectVersion:   Dev-VR (D7296918-1DD6-4BDD-9DE2-64A83CC13884): 2
LogDevObjectVersion:   Dev-LoadTimes (C2A15278-BFE7-4AFE-6C17-90FF531DF755): 1
LogDevObjectVersion:   Private-Geometry (6EACA3D4-40EC-4CC1-B786-8BED09428FC5): 3
LogDevObjectVersion:   Dev-AnimPhys (29E575DD-E0A3-4627-9D10-D276232CDCEA): 17
LogDevObjectVersion:   Dev-Anim (AF43A65D-7FD3-4947-9873-3E8ED9C1BB05): 2
LogDevObjectVersion:   Dev-ReflectionCapture (6B266CEC-1EC7-4B8F-A30B-E4D90942FC07): 1
LogDevObjectVersion:   Dev-Automation (0DF73D61-A23F-47EA-B727-89E90C41499A): 1
LogDevObjectVersion:   FortniteMain (601D1886-AC64-4F84-AA16-D3DE0DEAC7D6): 17
LogDevObjectVersion:   Dev-Enterprise (9DFFBCD6-494F-0158-E221-12823C92A888): 4
LogDevObjectVersion:   Dev-Niagara (F2AED0AC-9AFE-416F-8664-AA7FFA26D6FC): 1
LogStreaming: Display: Took  0.002s to delete old logs.
LogInit: Presizing for max 8388607 objects, including 0 objects not considered by GC, pre-allocating 0 bytes for permanent pool.
LogInit: Object subsystem initialized
LogConfig: Setting CVar [[con.DebugEarlyDefault:1]]
LogConfig: Setting CVar [[r.setres:1280x720]]
[2019.02.23-01.00.28:500][  0]LogConfig: Setting CVar [[r.VSync:0]]
[2019.02.23-01.00.28:500][  0]LogConfig: Setting CVar [[r.RHICmdBypass:0]]
[2019.02.23-01.00.28:500][  0]LogConfig: Applying CVar settings from Section [/Script/Engine.RendererSettings] File [C:/Users/dujon/OneDrive/Documents/Unreal Projects/tutorial/Saved/Config/Windows/Engine.ini]
[2019.02.23-01.00.28:500][  0]LogConfig: Setting CVar [[r.GPUCrashDebugging:0]]
[2019.02.23-01.00.28:500][  0]LogConfig: Applying CVar settings from Section [/Script/Engine.RendererOverrideSettings] File [C:/Users/dujon/OneDrive/Documents/Unreal Projects/tutorial/Saved/Config/Windows/Engine.ini]
[2019.02.23-01.00.28:500][  0]LogConfig: Applying CVar settings from Section [/Script/Engine.StreamingSettings] File [C:/Users/dujon/OneDrive/Documents/Unreal Projects/tutorial/Saved/Config/Windows/Engine.ini]
[2019.02.23-01.00.28:500][  0]LogConfig: Setting CVar [[s.MinBulkDataSizeForAsyncLoading:131072]]
[2019.02.23-01.00.28:500][  0]LogConfig: Setting CVar [[s.AsyncLoadingThreadEnabled:0]]
[2019.02.23-01.00.28:501][  0]LogConfig: Setting CVar [[s.EventDrivenLoaderEnabled:1]]
[2019.02.23-01.00.28:501][  0]LogConfig: Setting CVar [[s.WarnIfTimeLimitExceeded:0]]
[2019.02.23-01.00.28:501][  0]LogConfig: Setting CVar [[s.TimeLimitExceededMultiplier:1.5]]
[2019.02.23-01.00.28:501][  0]LogConfig: Setting CVar [[s.TimeLimitExceededMinTime:0.005]]
[2019.02.23-01.00.28:501][  0]LogConfig: Setting CVar [[s.UseBackgroundLevelStreaming:1]]
[2019.02.23-01.00.28:501][  0]LogConfig: Setting CVar [[s.PriorityAsyncLoadingExtraTime:15.0]]
[2019.02.23-01.00.28:501][  0]LogConfig: Setting CVar [[s.LevelStreamingActorsUpdateTimeLimit:5.0]]
[2019.02.23-01.00.28:501][  0]LogConfig: Setting CVar [[s.PriorityLevelStreamingActorsUpdateExtraTime:5.0]]
[2019.02.23-01.00.28:501][  0]LogConfig: Setting CVar [[s.LevelStreamingComponentsRegistrationGranularity:10]]
[2019.02.23-01.00.28:501][  0]LogConfig: Setting CVar [[s.UnregisterComponentsTimeLimit:1.0]]
[2019.02.23-01.00.28:501][  0]LogConfig: Setting CVar [[s.LevelStreamingComponentsUnregistrationGranularity:5]]
[2019.02.23-01.00.28:501][  0]LogConfig: Applying CVar settings from Section [/Script/Engine.GarbageCollectionSettings] File [C:/Users/dujon/OneDrive/Documents/Unreal Projects/tutorial/Saved/Config/Windows/Engine.ini]
[2019.02.23-01.00.28:501][  0]LogConfig: Setting CVar [[gc.MaxObjectsNotConsideredByGC:1]]
[2019.02.23-01.00.28:501][  0]LogConfig: Setting CVar [[gc.SizeOfPermanentObjectPool:0]]
[2019.02.23-01.00.28:501][  0]LogConfig: Setting CVar [[gc.FlushStreamingOnGC:0]]
[2019.02.23-01.00.28:501][  0]LogConfig: Setting CVar [[gc.NumRetriesBeforeForcingGC:10]]
[2019.02.23-01.00.28:501][  0]LogConfig: Setting CVar [[gc.AllowParallelGC:1]]
[2019.02.23-01.00.28:501][  0]LogConfig: Setting CVar [[gc.TimeBetweenPurgingPendingKillObjects:61.1]]
[2019.02.23-01.00.28:501][  0]LogConfig: Setting CVar [[gc.MaxObjectsInEditor:8388607]]
[2019.02.23-01.00.28:501][  0]LogConfig: Setting CVar [[gc.IncrementalBeginDestroyEnabled:1]]
[2019.02.23-01.00.28:501][  0]LogConfig: Setting CVar [[gc.CreateGCClusters:1]]
[2019.02.23-01.00.28:501][  0]LogConfig: Setting CVar [[gc.MergeGCClusters:0]]
[2019.02.23-01.00.28:501][  0]LogConfig: Setting CVar [[gc.MinGCClusterSize:5]]
[2019.02.23-01.00.28:501][  0]LogConfig: Setting CVar [[gc.ActorClusteringEnabled:0]]
[2019.02.23-01.00.28:501][  0]LogConfig: Setting CVar [[gc.BlueprintClusteringEnabled:0]]
[2019.02.23-01.00.28:501][  0]LogConfig: Setting CVar [[gc.UseDisregardForGCOnDedicatedServers:0]]
[2019.02.23-01.00.28:501][  0]LogConfig: Applying CVar settings from Section [/Script/Engine.NetworkSettings] File [C:/Users/dujon/OneDrive/Documents/Unreal Projects/tutorial/Saved/Config/Windows/Engine.ini]
[2019.02.23-01.00.28:501][  0]LogConfig: Applying CVar settings from Section [/Script/UnrealEd.CookerSettings] File [C:/Users/dujon/OneDrive/Documents/Unreal Projects/tutorial/Saved/Config/Windows/Engine.ini]
[2019.02.23-01.00.28:504][  0]LogConfig: Applying CVar settings from Section [ViewDistanceQuality@3] File [C:/Users/dujon/OneDrive/Documents/Unreal Projects/tutorial/Saved/Config/Windows/Scalability.ini]
[2019.02.23-01.00.28:504][  0]LogConfig: Setting CVar [[r.SkeletalMeshLODBias:0]]
[2019.02.23-01.00.28:504][  0]LogConfig: Setting CVar [[r.ViewDistanceScale:1.0]]
[2019.02.23-01.00.28:504][  0]LogConfig: Applying CVar settings from Section [AntiAliasingQuality@3] File [C:/Users/dujon/OneDrive/Documents/Unreal Projects/tutorial/Saved/Config/Windows/Scalability.ini]
[2019.02.23-01.00.28:504][  0]LogConfig: Setting CVar [[r.PostProcessAAQuality:4]]
[2019.02.23-01.00.28:505][  0]LogConfig: Applying CVar settings from Section [ShadowQuality@3] File [C:/Users/dujon/OneDrive/Documents/Unreal Projects/tutorial/Saved/Config/Windows/Scalability.ini]
[2019.02.23-01.00.28:505][  0]LogConfig: Setting CVar [[r.LightFunctionQuality:1]]
[2019.02.23-01.00.28:505][  0]LogConfig: Setting CVar [[r.ShadowQuality:5]]
[2019.02.23-01.00.28:505][  0]LogConfig: Setting CVar [[r.Shadow.CSM.MaxCascades:10]]
[2019.02.23-01.00.28:505][  0]LogConfig: Setting CVar [[r.Shadow.MaxResolution:2048]]
[2019.02.23-01.00.28:505][  0]LogConfig: Setting CVar [[r.Shadow.MaxCSMResolution:2048]]
[2019.02.23-01.00.28:505][  0]LogConfig: Setting CVar [[r.Shadow.RadiusThreshold:0.01]]
[2019.02.23-01.00.28:505][  0]LogConfig: Setting CVar [[r.Shadow.DistanceScale:1.0]]
[2019.02.23-01.00.28:505][  0]LogConfig: Setting CVar [[r.Shadow.CSM.TransitionScale:1.0]]
[2019.02.23-01.00.28:505][  0]LogConfig: Setting CVar [[r.Shadow.PreShadowResolutionFactor:1.0]]
[2019.02.23-01.00.28:505][  0]LogConfig: Setting CVar [[r.DistanceFieldShadowing:1]]
[2019.02.23-01.00.28:505][  0]LogConfig: Setting CVar [[r.DistanceFieldAO:1]]
[2019.02.23-01.00.28:505][  0]LogConfig: Setting CVar [[r.AOQuality:2]]
[2019.02.23-01.00.28:505][  0]LogConfig: Setting CVar [[r.VolumetricFog:1]]
[2019.02.23-01.00.28:505][  0]LogConfig: Setting CVar [[r.VolumetricFog.GridPixelSize:8]]
[2019.02.23-01.00.28:505][  0]LogConfig: Setting CVar [[r.VolumetricFog.GridSizeZ:128]]
[2019.02.23-01.00.28:505][  0]LogConfig: Setting CVar [[r.VolumetricFog.HistoryMissSupersampleCount:4]]
[2019.02.23-01.00.28:505][  0]LogConfig: Setting CVar [[r.LightMaxDrawDistanceScale:1]]
[2019.02.23-01.00.28:505][  0]LogConfig: Setting CVar [[r.CapsuleShadows:1]]
[2019.02.23-01.00.28:505][  0]LogConfig: Applying CVar settings from Section [PostProcessQuality@3] File [C:/Users/dujon/OneDrive/Documents/Unreal Projects/tutorial/Saved/Config/Windows/Scalability.ini]
[2019.02.23-01.00.28:505][  0]LogConfig: Setting CVar [[r.MotionBlurQuality:4]]
[2019.02.23-01.00.28:505][  0]LogConfig: Setting CVar [[r.AmbientOcclusionMipLevelFactor:0.4]]
[2019.02.23-01.00.28:505][  0]LogConfig: Setting CVar [[r.AmbientOcclusionMaxQuality:100]]
[2019.02.23-01.00.28:505][  0]LogConfig: Setting CVar [[r.AmbientOcclusionLevels:-1]]
[2019.02.23-01.00.28:505][  0]LogConfig: Setting CVar [[r.AmbientOcclusionRadiusScale:1.0]]
[2019.02.23-01.00.28:505][  0]LogConfig: Setting CVar [[r.DepthOfFieldQuality:2]]
[2019.02.23-01.00.28:505][  0]LogConfig: Setting CVar [[r.RenderTargetPoolMin:400]]
[2019.02.23-01.00.28:505][  0]LogConfig: Setting CVar [[r.LensFlareQuality:2]]
[2019.02.23-01.00.28:505][  0]LogConfig: Setting CVar [[r.SceneColorFringeQuality:1]]
[2019.02.23-01.00.28:505][  0]LogConfig: Setting CVar [[r.EyeAdaptationQuality:2]]
[2019.02.23-01.00.28:505][  0]LogConfig: Setting CVar [[r.BloomQuality:5]]
[2019.02.23-01.00.28:505][  0]LogConfig: Setting CVar [[r.FastBlurThreshold:100]]
[2019.02.23-01.00.28:505][  0]LogConfig: Setting CVar [[r.Upscale.Quality:3]]
[2019.02.23-01.00.28:505][  0]LogConfig: Setting CVar [[r.Tonemapper.GrainQuantization:1]]
[2019.02.23-01.00.28:505][  0]LogConfig: Setting CVar [[r.LightShaftQuality:1]]
[2019.02.23-01.00.28:505][  0]LogConfig: Setting CVar [[r.Filter.SizeScale:1]]
[2019.02.23-01.00.28:506][  0]LogConfig: Setting CVar [[r.Tonemapper.Quality:5]]
[2019.02.23-01.00.28:506][  0]LogConfig: Setting CVar [[r.DOF.Gather.AccumulatorQuality:1        ; higher gathering accumulator quality]]
[2019.02.23-01.00.28:506][  0]LogConfig: Setting CVar [[r.DOF.Gather.PostfilterMethod:1          ; Median3x3 postfilering method]]
[2019.02.23-01.00.28:506][  0]LogConfig: Setting CVar [[r.DOF.Gather.EnableBokehSettings:0       ; no bokeh simulation when gathering]]
[2019.02.23-01.00.28:506][  0]LogConfig: Setting CVar [[r.DOF.Gather.RingCount:4                 ; medium number of samples when gathering]]
[2019.02.23-01.00.28:506][  0]LogConfig: Setting CVar [[r.DOF.Scatter.ForegroundCompositing:1    ; additive foreground scattering]]
[2019.02.23-01.00.28:506][  0]LogConfig: Setting CVar [[r.DOF.Scatter.BackgroundCompositing:2    ; additive background scattering]]
[2019.02.23-01.00.28:506][  0]LogConfig: Setting CVar [[r.DOF.Scatter.EnableBokehSettings:1      ; bokeh simulation when scattering]]
[2019.02.23-01.00.28:506][  0]LogConfig: Setting CVar [[r.DOF.Scatter.MaxSpriteRatio:0.1         ; only a maximum of 10% of scattered bokeh]]
[2019.02.23-01.00.28:506][  0]LogConfig: Setting CVar [[r.DOF.Recombine.Quality:1                ; cheap slight out of focus]]
[2019.02.23-01.00.28:506][  0]LogConfig: Setting CVar [[r.DOF.Recombine.EnableBokehSettings:0    ; no bokeh simulation on slight out of focus]]
[2019.02.23-01.00.28:506][  0]LogConfig: Setting CVar [[r.DOF.TemporalAAQuality:1                ; more stable temporal accumulation]]
[2019.02.23-01.00.28:506][  0]LogConfig: Setting CVar [[r.DOF.Kernel.MaxForegroundRadius:0.025]]
[2019.02.23-01.00.28:506][  0]LogConfig: Setting CVar [[r.DOF.Kernel.MaxBackgroundRadius:0.025]]
[2019.02.23-01.00.28:506][  0]LogConfig: Applying CVar settings from Section [TextureQuality@3] File [C:/Users/dujon/OneDrive/Documents/Unreal Projects/tutorial/Saved/Config/Windows/Scalability.ini]
[2019.02.23-01.00.28:506][  0]LogConfig: Setting CVar [[r.Streaming.MipBias:0]]
[2019.02.23-01.00.28:506][  0]LogConfig: Setting CVar [[r.Streaming.AmortizeCPUToGPUCopy:0]]
[2019.02.23-01.00.28:506][  0]LogConfig: Setting CVar [[r.Streaming.MaxNumTexturesToStreamPerFrame:0]]
[2019.02.23-01.00.28:506][  0]LogConfig: Setting CVar [[r.Streaming.Boost:1]]
[2019.02.23-01.00.28:506][  0]LogConfig: Setting CVar [[r.MaxAnisotropy:8]]
[2019.02.23-01.00.28:506][  0]LogConfig: Setting CVar [[r.Streaming.LimitPoolSizeToVRAM:0]]
[2019.02.23-01.00.28:506][  0]LogConfig: Setting CVar [[r.Streaming.PoolSize:1000]]
[2019.02.23-01.00.28:506][  0]LogConfig: Setting CVar [[r.Streaming.MaxEffectiveScreenSize:0]]
[2019.02.23-01.00.28:506][  0]LogConfig: Applying CVar settings from Section [EffectsQuality@3] File [C:/Users/dujon/OneDrive/Documents/Unreal Projects/tutorial/Saved/Config/Windows/Scalability.ini]
[2019.02.23-01.00.28:506][  0]LogConfig: Setting CVar [[r.TranslucencyLightingVolumeDim:64]]
[2019.02.23-01.00.28:506][  0]LogConfig: Setting CVar [[r.RefractionQuality:2]]
[2019.02.23-01.00.28:506][  0]LogConfig: Setting CVar [[r.SSR.Quality:3]]
[2019.02.23-01.00.28:506][  0]LogConfig: Setting CVar [[r.SceneColorFormat:4]]
[2019.02.23-01.00.28:506][  0]LogConfig: Setting CVar [[r.DetailMode:2]]
[2019.02.23-01.00.28:506][  0]LogConfig: Setting CVar [[r.TranslucencyVolumeBlur:1]]
[2019.02.23-01.00.28:506][  0]LogConfig: Setting CVar [[r.MaterialQualityLevel:1 ; High quality]]
[2019.02.23-01.00.28:506][  0]LogConfig: Setting CVar [[r.SSS.Scale:1]]
[2019.02.23-01.00.28:506][  0]LogConfig: Setting CVar [[r.SSS.SampleSet:2]]
[2019.02.23-01.00.28:506][  0]LogConfig: Setting CVar [[r.SSS.Quality:1]]
[2019.02.23-01.00.28:506][  0]LogConfig: Setting CVar [[r.SSS.HalfRes:1]]
[2019.02.23-01.00.28:506][  0]LogConfig: Setting CVar [[r.EmitterSpawnRateScale:1.0]]
[2019.02.23-01.00.28:507][  0]LogConfig: Setting CVar [[r.ParticleLightQuality:2]]
[2019.02.23-01.00.28:507][  0]LogConfig: Applying CVar settings from Section [FoliageQuality@3] File [C:/Users/dujon/OneDrive/Documents/Unreal Projects/tutorial/Saved/Config/Windows/Scalability.ini]
[2019.02.23-01.00.28:507][  0]LogConfig: Setting CVar [[foliage.DensityScale:1.0]]
[2019.02.23-01.00.28:507][  0]LogConfig: Setting CVar [[grass.DensityScale:1.0]]
[2019.02.23-01.00.28:507][  0]LogInit: Selected Device Profile: [Windows]
[2019.02.23-01.00.28:507][  0]LogInit: Applying CVar settings loaded from the selected device profile: [Windows]
[2019.02.23-01.00.28:521][  0]LogHAL: Display: Platform has ~ 8 GB [8474492928 / 8589934592 / 8], which maps to Default [LargestMinGB=32, LargerMinGB=12, DefaultMinGB=8, SmallerMinGB=6, SmallestMinGB=0)
[2019.02.23-01.00.28:521][  0]LogConfig: Setting CVar [[r.Vulkan.UseRealUBs:1]]
[2019.02.23-01.00.28:521][  0]LogInit: Going up to parent DeviceProfile []
[2019.02.23-01.00.28:521][  0]LogConfig: Applying CVar settings from Section [ViewDistanceQuality@0] File [C:/Users/dujon/OneDrive/Documents/Unreal Projects/tutorial/Saved/Config/Windows/Scalability.ini]
[2019.02.23-01.00.28:521][  0]LogConfig: Setting CVar [[r.SkeletalMeshLODBias:2]]
[2019.02.23-01.00.28:521][  0]LogConfig: Setting CVar [[r.ViewDistanceScale:0.4]]
[2019.02.23-01.00.28:521][  0]LogConfig: Applying CVar settings from Section [AntiAliasingQuality@0] File [C:/Users/dujon/OneDrive/Documents/Unreal Projects/tutorial/Saved/Config/Windows/Scalability.ini]
[2019.02.23-01.00.28:521][  0]LogConfig: Setting CVar [[r.PostProcessAAQuality:0]]
[2019.02.23-01.00.28:521][  0]LogConfig: Applying CVar settings from Section [ShadowQuality@0] File [C:/Users/dujon/OneDrive/Documents/Unreal Projects/tutorial/Saved/Config/Windows/Scalability.ini]
[2019.02.23-01.00.28:521][  0]LogConfig: Setting CVar [[r.LightFunctionQuality:0]]
[2019.02.23-01.00.28:521][  0]LogConfig: Setting CVar [[r.ShadowQuality:0]]
[2019.02.23-01.00.28:521][  0]LogConfig: Setting CVar [[r.Shadow.CSM.MaxCascades:1]]
[2019.02.23-01.00.28:521][  0]LogConfig: Setting CVar [[r.Shadow.MaxResolution:512]]
[2019.02.23-01.00.28:521][  0]LogConfig: Setting CVar [[r.Shadow.MaxCSMResolution:512]]
[2019.02.23-01.00.28:521][  0]LogConfig: Setting CVar [[r.Shadow.RadiusThreshold:0.06]]
[2019.02.23-01.00.28:521][  0]LogConfig: Setting CVar [[r.Shadow.DistanceScale:0.6]]
[2019.02.23-01.00.28:521][  0]LogConfig: Setting CVar [[r.Shadow.CSM.TransitionScale:0]]
[2019.02.23-01.00.28:521][  0]LogConfig: Setting CVar [[r.Shadow.PreShadowResolutionFactor:0.5]]
[2019.02.23-01.00.28:521][  0]LogConfig: Setting CVar [[r.DistanceFieldShadowing:0]]
[2019.02.23-01.00.28:521][  0]LogConfig: Setting CVar [[r.DistanceFieldAO:0]]
[2019.02.23-01.00.28:521][  0]LogConfig: Setting CVar [[r.VolumetricFog:0]]
[2019.02.23-01.00.28:521][  0]LogConfig: Setting CVar [[r.LightMaxDrawDistanceScale:0]]
[2019.02.23-01.00.28:521][  0]LogConfig: Setting CVar [[r.CapsuleShadows:0]]
[2019.02.23-01.00.28:521][  0]LogConfig: Applying CVar settings from Section [PostProcessQuality@0] File [C:/Users/dujon/OneDrive/Documents/Unreal Projects/tutorial/Saved/Config/Windows/Scalability.ini]
[2019.02.23-01.00.28:521][  0]LogConfig: Setting CVar [[r.MotionBlurQuality:0]]
[2019.02.23-01.00.28:521][  0]LogConfig: Setting CVar [[r.AmbientOcclusionMipLevelFactor:1.0]]
[2019.02.23-01.00.28:521][  0]LogConfig: Setting CVar [[r.AmbientOcclusionMaxQuality:0]]
[2019.02.23-01.00.28:521][  0]LogConfig: Setting CVar [[r.AmbientOcclusionLevels:0]]
[2019.02.23-01.00.28:521][  0]LogConfig: Setting CVar [[r.AmbientOcclusionRadiusScale:1.2]]
[2019.02.23-01.00.28:521][  0]LogConfig: Setting CVar [[r.DepthOfFieldQuality:0]]
[2019.02.23-01.00.28:521][  0]LogConfig: Setting CVar [[r.RenderTargetPoolMin:300]]
[2019.02.23-01.00.28:521][  0]LogConfig: Setting CVar [[r.LensFlareQuality:0]]
[2019.02.23-01.00.28:521][  0]LogConfig: Setting CVar [[r.SceneColorFringeQuality:0]]
[2019.02.23-01.00.28:521][  0]LogConfig: Setting CVar [[r.EyeAdaptationQuality:0]]
[2019.02.23-01.00.28:522][  0]LogConfig: Setting CVar [[r.BloomQuality:4]]
[2019.02.23-01.00.28:522][  0]LogConfig: Setting CVar [[r.FastBlurThreshold:0]]
[2019.02.23-01.00.28:522][  0]LogConfig: Setting CVar [[r.Upscale.Quality:1]]
[2019.02.23-01.00.28:522][  0]LogConfig: Setting CVar [[r.Tonemapper.GrainQuantization:0]]
[2019.02.23-01.00.28:522][  0]LogConfig: Setting CVar [[r.LightShaftQuality:0]]
[2019.02.23-01.00.28:522][  0]LogConfig: Setting CVar [[r.Filter.SizeScale:0.6]]
[2019.02.23-01.00.28:522][  0]LogConfig: Setting CVar [[r.Tonemapper.Quality:0]]
[2019.02.23-01.00.28:522][  0]LogConfig: Applying CVar settings from Section [TextureQuality@0] File [C:/Users/dujon/OneDrive/Documents/Unreal Projects/tutorial/Saved/Config/Windows/Scalability.ini]
[2019.02.23-01.00.28:522][  0]LogConfig: Setting CVar [[r.Streaming.MipBias:16]]
[2019.02.23-01.00.28:522][  0]LogConfig: Setting CVar [[r.Streaming.AmortizeCPUToGPUCopy:1]]
[2019.02.23-01.00.28:522][  0]LogConfig: Setting CVar [[r.Streaming.MaxNumTexturesToStreamPerFrame:1]]
[2019.02.23-01.00.28:522][  0]LogConfig: Setting CVar [[r.Streaming.Boost:0.3]]
[2019.02.23-01.00.28:522][  0]LogConfig: Setting CVar [[r.MaxAnisotropy:0]]
[2019.02.23-01.00.28:522][  0]LogConfig: Setting CVar [[r.Streaming.LimitPoolSizeToVRAM:1]]
[2019.02.23-01.00.28:522][  0]LogConfig: Setting CVar [[r.Streaming.PoolSize:400]]
[2019.02.23-01.00.28:522][  0]LogConfig: Setting CVar [[r.Streaming.MaxEffectiveScreenSize:0]]
[2019.02.23-01.00.28:522][  0]LogConfig: Applying CVar settings from Section [EffectsQuality@0] File [C:/Users/dujon/OneDrive/Documents/Unreal Projects/tutorial/Saved/Config/Windows/Scalability.ini]
[2019.02.23-01.00.28:522][  0]LogConfig: Setting CVar [[r.TranslucencyLightingVolumeDim:24]]
[2019.02.23-01.00.28:522][  0]LogConfig: Setting CVar [[r.RefractionQuality:0]]
[2019.02.23-01.00.28:522][  0]LogConfig: Setting CVar [[r.SSR.Quality:0]]
[2019.02.23-01.00.28:522][  0]LogConfig: Setting CVar [[r.SceneColorFormat:3]]
[2019.02.23-01.00.28:522][  0]LogConfig: Setting CVar [[r.DetailMode:0]]
[2019.02.23-01.00.28:522][  0]LogConfig: Setting CVar [[r.TranslucencyVolumeBlur:0]]
[2019.02.23-01.00.28:522][  0]LogConfig: Setting CVar [[r.MaterialQualityLevel:0 ; Low quality]]
[2019.02.23-01.00.28:522][  0]LogConfig: Setting CVar [[r.SSS.Scale:0]]
[2019.02.23-01.00.28:522][  0]LogConfig: Setting CVar [[r.SSS.SampleSet:0]]
[2019.02.23-01.00.28:522][  0]LogConfig: Setting CVar [[r.SSS.Quality:0]]
[2019.02.23-01.00.28:522][  0]LogConfig: Setting CVar [[r.SSS.HalfRes:1]]
[2019.02.23-01.00.28:522][  0]LogConfig: Setting CVar [[r.EmitterSpawnRateScale:0.125]]
[2019.02.23-01.00.28:522][  0]LogConfig: Setting CVar [[r.ParticleLightQuality:0]]
[2019.02.23-01.00.28:522][  0]LogConfig: Applying CVar settings from Section [FoliageQuality@0] File [C:/Users/dujon/OneDrive/Documents/Unreal Projects/tutorial/Saved/Config/Windows/Scalability.ini]
[2019.02.23-01.00.28:522][  0]LogConfig: Setting CVar [[foliage.DensityScale:0]]
[2019.02.23-01.00.28:522][  0]LogConfig: Setting CVar [[grass.DensityScale:0]]
[2019.02.23-01.00.28:522][  0]LogConfig: Applying CVar settings from Section [Startup] File [../../../Engine/Config/ConsoleVariables.ini]
[2019.02.23-01.00.28:523][  0]LogConfig: Setting CVar [[net.UseAdaptiveNetUpdateFrequency:0]]
[2019.02.23-01.00.28:523][  0]LogConfig: Applying CVar settings from Section [ConsoleVariables] File [C:/Users/dujon/OneDrive/Documents/Unreal Projects/tutorial/Saved/Config/Windows/Engine.ini]
[2019.02.23-01.00.28:523][  0]LogInit: Computer: LAPTOP-QJEQEQHL
[2019.02.23-01.00.28:523][  0]LogInit: User: dujon
[2019.02.23-01.00.28:523][  0]LogInit: CPU Page size=4096, Cores=2
[2019.02.23-01.00.28:523][  0]LogInit: High frequency timer resolution =2.343747 MHz
[2019.02.23-01.00.28:523][  0]LogMemory: Memory total: Physical=7.9GB (8GB approx)
[2019.02.23-01.00.28:523][  0]LogMemory: Platform Memory Stats for Windows
[2019.02.23-01.00.28:523][  0]LogMemory: Process Physical Memory: 102.22 MB used, 102.22 MB peak
[2019.02.23-01.00.28:523][  0]LogMemory: Process Virtual Memory: 84.82 MB used, 84.82 MB peak
[2019.02.23-01.00.28:523][  0]LogMemory: Physical Memory: 4241.57 MB used,  3840.34 MB free, 8081.91 MB total
[2019.02.23-01.00.28:523][  0]LogMemory: Virtual Memory: 4614.68 MB used,  134213112.00 MB free, 134217728.00 MB total
[2019.02.23-01.00.28:555][  0]LogInit: Using OS detected language (en-US).
[2019.02.23-01.00.28:555][  0]LogInit: Using OS detected locale (en-US).
[2019.02.23-01.00.28:558][  0]LogTextLocalizationManager: No specific localization for 'en-US' exists, so the 'en' localization will be used.
[2019.02.23-01.00.29:132][  0]LogStreaming: Display: Took  0.577s to InitEngineTextLocalization.
[2019.02.23-01.00.29:133][  0]LogInit: Setting process to per monitor DPI aware
[2019.02.23-01.00.29:166][  0]LogSlate: New Slate User Created.  User Index 0, Is Virtual User: 0
[2019.02.23-01.00.29:166][  0]LogSlate: Slate User Registered.  User Index 0, Is Virtual User: 0
[2019.02.23-01.00.29:527][  0]LogHMD: Failed to initialize OpenVR with code 110
[2019.02.23-01.00.29:527][  0]LogD3D11RHI: D3D11 adapters:
[2019.02.23-01.00.29:540][  0]LogD3D11RHI:    0. 'Intel(R) HD Graphics 520' (Feature Level 11_0)
[2019.02.23-01.00.29:540][  0]LogD3D11RHI:       128/0/4040 MB DedicatedVideo/DedicatedSystem/SharedSystem, Outputs:1, VendorId:0x8086
[2019.02.23-01.00.29:544][  0]LogD3D11RHI:    1. 'Microsoft Basic Render Driver' (Feature Level 11_0)
[2019.02.23-01.00.29:544][  0]LogD3D11RHI:       0/0/4040 MB DedicatedVideo/DedicatedSystem/SharedSystem, Outputs:0, VendorId:0x1414
[2019.02.23-01.00.29:544][  0]LogD3D11RHI: Chosen D3D11 Adapter: 0
[2019.02.23-01.00.29:551][  0]LogD3D11RHI: Creating new Direct3DDevice
[2019.02.23-01.00.29:551][  0]LogD3D11RHI:     GPU DeviceId: 0x1916 (for the marketing name, search the web for "GPU Device Id")
[2019.02.23-01.00.29:551][  0]LogWindows: EnumDisplayDevices:
[2019.02.23-01.00.29:551][  0]LogWindows:    0. 'Intel(R) HD Graphics 520' (P:1 D:1)
[2019.02.23-01.00.29:551][  0]LogWindows:    1. 'Intel(R) HD Graphics 520' (P:0 D:0)
[2019.02.23-01.00.29:552][  0]LogWindows:    2. 'Intel(R) HD Graphics 520' (P:0 D:0)
[2019.02.23-01.00.29:552][  0]LogWindows: DebugString: FoundDriverCount:3 
[2019.02.23-01.00.29:552][  0]LogD3D11RHI:     Adapter Name: Intel(R) HD Graphics 520
[2019.02.23-01.00.29:552][  0]LogD3D11RHI:   Driver Version: 22.20.16.4749 (internal:22.20.16.4749, unified:22.20.16.4749)
[2019.02.23-01.00.29:552][  0]LogD3D11RHI:      Driver Date: 7-24-2017
[2019.02.23-01.00.29:552][  0]LogRHI: Texture pool is 1503 MB (70% of 2148 MB)
[2019.02.23-01.00.29:594][  0]LogD3D11RHI: [IntelMetricsDiscovery] Started
[2019.02.23-01.00.29:594][  0]LogD3D11RHI: Async texture creation enabled
[2019.02.23-01.00.29:607][  0]LogD3D11RHI: GPU Timing Frequency: 12.000000 (Debug: 2 0)
[2019.02.23-01.00.30:121][  0]LogTemp: Display: Loaded TP AllDesktopTargetPlatform
[2019.02.23-01.00.30:138][  0]LogTemp: Display: Loaded TP MacClientTargetPlatform
[2019.02.23-01.00.30:156][  0]LogTemp: Display: Loaded TP MacNoEditorTargetPlatform
[2019.02.23-01.00.30:173][  0]LogTemp: Display: Loaded TP MacServerTargetPlatform
[2019.02.23-01.00.30:192][  0]LogTemp: Display: Loaded TP MacTargetPlatform
[2019.02.23-01.00.30:211][  0]LogTemp: Display: Loaded TP WindowsClientTargetPlatform
[2019.02.23-01.00.30:228][  0]LogTemp: Display: Loaded TP WindowsNoEditorTargetPlatform
[2019.02.23-01.00.30:246][  0]LogTemp: Display: Loaded TP WindowsServerTargetPlatform
[2019.02.23-01.00.30:254][  0]LogTemp: Display: Loaded TP WindowsTargetPlatform
[2019.02.23-01.00.30:347][  0]LogTemp: Display: Loaded TP AndroidTargetPlatform
[2019.02.23-01.00.30:347][  0]LogTemp: Display: Loaded TP AndroidTargetPlatform
[2019.02.23-01.00.30:347][  0]LogTemp: Display: Loaded TP AndroidTargetPlatform
[2019.02.23-01.00.30:347][  0]LogTemp: Display: Loaded TP AndroidTargetPlatform
[2019.02.23-01.00.30:347][  0]LogTemp: Display: Loaded TP AndroidTargetPlatform
[2019.02.23-01.00.30:347][  0]LogTemp: Display: Loaded TP AndroidTargetPlatform
[2019.02.23-01.00.30:347][  0]LogTemp: Display: Loaded TP AndroidTargetPlatform
[2019.02.23-01.00.30:347][  0]LogTemp: Display: Loaded TP AndroidTargetPlatform
[2019.02.23-01.00.30:347][  0]LogTemp: Display: Loaded TP AndroidTargetPlatform
[2019.02.23-01.00.30:347][  0]LogTemp: Display: Loaded TP AndroidTargetPlatform
[2019.02.23-01.00.30:347][  0]LogTemp: Display: Loaded TP AndroidTargetPlatform
[2019.02.23-01.00.30:347][  0]LogTemp: Display: Loaded TP AndroidTargetPlatform
[2019.02.23-01.00.30:347][  0]LogTemp: Display: Loaded TP AndroidTargetPlatform
[2019.02.23-01.00.30:347][  0]LogTemp: Display: Loaded TP AndroidTargetPlatform
[2019.02.23-01.00.30:347][  0]LogTemp: Display: Loaded TP AndroidTargetPlatform
[2019.02.23-01.00.30:347][  0]LogTemp: Display: Loaded TP AndroidTargetPlatform
[2019.02.23-01.00.30:347][  0]LogTemp: Display: Loaded TP AndroidTargetPlatform
[2019.02.23-01.00.30:347][  0]LogTemp: Display: Loaded TP AndroidTargetPlatform
[2019.02.23-01.00.30:349][  0]LogTemp: Display: Loaded TP HTML5TargetPlatform
[2019.02.23-01.00.30:418][  0]LogTemp: Display: Loaded TP IOSTargetPlatform
[2019.02.23-01.00.30:418][  0]LogTemp: Display: Loaded TP IOSTargetPlatform
[2019.02.23-01.00.30:449][  0]LogTemp: Display: Loaded TP TVOSTargetPlatform
[2019.02.23-01.00.30:450][  0]LogTemp: Display: Loaded TP TVOSTargetPlatform
[2019.02.23-01.00.30:465][  0]LogTemp: Display: Loaded TP LinuxClientTargetPlatform
[2019.02.23-01.00.30:481][  0]LogTemp: Display: Loaded TP LinuxNoEditorTargetPlatform
[2019.02.23-01.00.30:496][  0]LogTemp: Display: Loaded TP LinuxServerTargetPlatform
[2019.02.23-01.00.30:512][  0]LogTemp: Display: Loaded TP LinuxTargetPlatform
[2019.02.23-01.00.30:577][  0]LogTemp: Display: Loaded TP LuminTargetPlatform
[2019.02.23-01.00.30:577][  0]LogTemp: Display: Loaded TP LuminTargetPlatform
[2019.02.23-01.00.30:578][  0]LogTargetPlatformManager: Display: Building Assets For Windows
[2019.02.23-01.00.30:714][  0]LogShaderCompilers: Guid format shader working directory is -28 characters bigger than the processId version (../../../../../../Users/dujon/OneDrive/Documents/Unreal Projects/tutorial/Intermediate/Shaders/WorkingDirectory/12764/).
[2019.02.23-01.00.30:714][  0]LogShaderCompilers: Cleaned the shader compiler working directory 'C:/Users/dujon/AppData/Local/Temp/UnrealShaderWorkingDir/FBBBF5F4461870C9A3724C962A42743E/'.
[2019.02.23-01.00.30:718][  0]LogXGEController: Cannot use XGE Controller as Incredibuild is not installed on this machine.
[2019.02.23-01.00.30:718][  0]LogShaderCompilers: Cannot use XGE Shader Compiler as Incredibuild is not installed on this machine.
[2019.02.23-01.00.30:718][  0]LogShaderCompilers: Display: Using Local Shader Compiler.
[2019.02.23-01.00.31:456][  0]LogDerivedDataCache: Display: Max Cache Size: 512 MB
[2019.02.23-01.00.31:520][  0]LogDerivedDataCache: Loaded boot cache 0.06s 71MB C:/Users/dujon/AppData/Local/UnrealEngine/4.21/DerivedDataCache/Boot.ddc.
[2019.02.23-01.00.31:520][  0]LogDerivedDataCache: Display: Loaded Boot cache: C:/Users/dujon/AppData/Local/UnrealEngine/4.21/DerivedDataCache/Boot.ddc
[2019.02.23-01.00.31:520][  0]LogDerivedDataCache: FDerivedDataBackendGraph:  Pak pak cache file ../../../../../../Users/dujon/OneDrive/Documents/Unreal Projects/tutorial/DerivedDataCache/DDC.ddp not found, will not use a pak cache.
[2019.02.23-01.00.31:520][  0]LogDerivedDataCache: Unable to find inner node Pak for hierarchical cache Hierarchy.
[2019.02.23-01.00.31:520][  0]LogDerivedDataCache: FDerivedDataBackendGraph:  CompressedPak pak cache file ../../../../../../Users/dujon/OneDrive/Documents/Unreal Projects/tutorial/DerivedDataCache/Compressed.ddp not found, will not use a pak cache.
[2019.02.23-01.00.31:520][  0]LogDerivedDataCache: Unable to find inner node CompressedPak for hierarchical cache Hierarchy.
[2019.02.23-01.00.31:540][  0]LogDerivedDataCache: Display: Pak cache opened for reading ../../../Engine/DerivedDataCache/Compressed.ddp.
[2019.02.23-01.00.31:541][  0]LogDerivedDataCache: FDerivedDataBackendGraph:  EnterprisePak pak cache file ../../../Enterprise/DerivedDataCache/Compressed.ddp not found, will not use a pak cache.
[2019.02.23-01.00.31:541][  0]LogDerivedDataCache: Unable to find inner node EnterprisePak for hierarchical cache Hierarchy.
[2019.02.23-01.00.31:570][  0]LogDerivedDataCache: Using Local data cache path C:/Users/dujon/AppData/Local/UnrealEngine/Common/DerivedDataCache: Writable
[2019.02.23-01.00.31:570][  0]LogDerivedDataCache: Shared data cache path not found in *engine.ini, will not use an Shared cache.
[2019.02.23-01.00.31:570][  0]LogDerivedDataCache: Unable to find inner node Shared for hierarchical cache Hierarchy.
[2019.02.23-01.00.31:602][  0]LogMaterial: Verifying Global Shaders for PCD3D_SM5
[2019.02.23-01.00.31:604][  0]LogSlate: Using FreeType 2.6.0
[2019.02.23-01.00.31:605][  0]LogSlate: SlateFontServices - WITH_FREETYPE: 1, WITH_HARFBUZZ: 1
[2019.02.23-01.00.31:726][  0]LogAssetRegistry: FAssetRegistry took 0.0357 seconds to start up
[2019.02.23-01.00.32:286][  0]LogInit: Selected Device Profile: [Windows]
[2019.02.23-01.00.32:388][  0]LogSimplygon: Simplygon DLL not present - disabling.
[2019.02.23-01.00.32:394][  0]LogMeshReduction: Using SimplygonSwarm for distributed automatic mesh merging
[2019.02.23-01.00.32:394][  0]LogMeshReduction: Using ProxyLODMeshReduction for automatic mesh merging
[2019.02.23-01.00.32:394][  0]LogMeshReduction: Using QuadricMeshReduction for automatic static mesh reduction
[2019.02.23-01.00.32:394][  0]LogMeshReduction: No automatic skeletal mesh reduction module available
[2019.02.23-01.00.32:516][  0]LogNetVersion: tutorial 1.0.0, NetCL: 4541578, EngineNetVer: 5, GameNetVer: 0 (Checksum: 900602032)
[2019.02.23-01.00.33:332][  0]LogPackageLocalizationCache: Processed 11 localized package path(s) for 2 prioritized culture(s) in 0.134559 seconds
[2019.02.23-01.00.33:341][  0]LogUObjectArray: 39775 objects as part of root set at end of initial load.
[2019.02.23-01.00.33:341][  0]LogUObjectAllocator: 6914664 out of 0 bytes used by permanent object pool.
[2019.02.23-01.00.33:341][  0]LogUObjectArray: CloseDisregardForGC: 0/0 objects in disregard for GC pool
[2019.02.23-01.00.34:715][  0]LogTcpMessaging: Initializing TcpMessaging bridge
[2019.02.23-01.00.34:730][  0]LogUdpMessaging: Initializing bridge on interface 0.0.0.0:0 to multicast group 230.0.0.1:6666.
[2019.02.23-01.00.35:766][  0]SourceControl: Source control is disabled
[2019.02.23-01.00.35:766][  0]SourceControl: Source control is disabled
[2019.02.23-01.00.35:768][  0]SourceControl: Source control is disabled
[2019.02.23-01.00.35:770][  0]SourceControl: Source control is disabled
[2019.02.23-01.00.35:956][  0]LogAndroidPermission: UAndroidPermissionCallbackProxy::GetInstance
[2019.02.23-01.00.36:028][  0]LogOcInput: OculusInput pre-init called
[2019.02.23-01.00.36:183][  0]LogEngine: Initializing Engine...
[2019.02.23-01.00.36:185][  0]LogHMD: Failed to initialize OpenVR with code 110
[2019.02.23-01.00.36:186][  0]LogStats: UGameplayTagsManager::ConstructGameplayTagTree: ImportINI prefixes -  0.000 s
[2019.02.23-01.00.36:186][  0]LogStats: UGameplayTagsManager::ConstructGameplayTagTree: Construct from data asset -  0.000 s
[2019.02.23-01.00.36:186][  0]LogStats: UGameplayTagsManager::ConstructGameplayTagTree: ImportINI -  0.000 s
[2019.02.23-01.00.36:186][  0]LogStats: UGameplayTagsManager::ConstructGameplayTagTree: GameplayTagTreeChangedEvent.Broadcast -  0.000 s
[2019.02.23-01.00.36:493][  0]LogInit: Initializing FReadOnlyCVARCache
[2019.02.23-01.00.36:513][  0]LogAIModule: Creating AISystem for world Untitled
[2019.02.23-01.00.36:525][  0]LogInit: XAudio2 using 'Speaker/Headphone (Realtek High Definition Audio)' : 2 channels at 48 kHz using 32 bits per sample (channel mask 0x3)
[2019.02.23-01.00.36:557][  0]LogInit: FAudioDevice initialized.
[2019.02.23-01.00.36:557][  0]LogNetVersion: Set ProjectVersion to 1.0.0.0. Version Checksum will be recalculated on next use.
[2019.02.23-01.00.37:236][  0]LogDerivedDataCache: Saved boot cache 0.68s 71MB C:/Users/dujon/AppData/Local/UnrealEngine/4.21/DerivedDataCache/Boot.ddc.
[2019.02.23-01.00.37:258][  0]LogInit: Texture streaming: Enabled
[2019.02.23-01.00.37:285][  0]LogEngineSessionManager: EngineSessionManager initialized
[2019.02.23-01.00.37:303][  0]LogInit: Transaction tracking system initialized
[2019.02.23-01.00.37:341][  0]BlueprintLog: New page: Editor Load
[2019.02.23-01.00.37:456][  0]LocalizationService: Localization service is disabled
[2019.02.23-01.00.38:672][  0]LogFileCache: Scanning file cache for directory 'C:/Users/dujon/OneDrive/Documents/Unreal Projects/tutorial/Content/' took 0.05s
[2019.02.23-01.00.38:672][  0]LogCook: Display: Max memory allowance for cook 16384mb min free memory 0mb
[2019.02.23-01.00.38:672][  0]LogCook: Display: Mobile HDR setting 1
[2019.02.23-01.00.38:672][  0]LogGameplayTags: Display: UGameplayTagsManager::DoneAddingNativeTags. DelegateIsBound: 0
[2019.02.23-01.00.38:672][  0]LogStats: UGameplayTagsManager::ConstructGameplayTagTree: ImportINI prefixes -  0.000 s
[2019.02.23-01.00.38:672][  0]LogStats: UGameplayTagsManager::ConstructGameplayTagTree: Construct from data asset -  0.000 s
[2019.02.23-01.00.38:673][  0]LogStats: UGameplayTagsManager::ConstructGameplayTagTree: ImportINI -  0.000 s
[2019.02.23-01.00.38:673][  0]LogStats: UGameplayTagsManager::ConstructGameplayTagTree: GameplayTagTreeChangedEvent.Broadcast -  0.000 s
[2019.02.23-01.00.38:898][  0]SourceControl: Source control is disabled
[2019.02.23-01.00.38:898][  0]Cmd: MAP LOAD FILE="../../../../../../Users/dujon/OneDrive/Documents/Unreal Projects/tutorial/Content/StarterContent/Maps/Minimal_Default.umap" TEMPLATE=0 SHOWPROGRESS=1 FEATURELEVEL=3
[2019.02.23-01.00.38:930][  0]LightingResults: New page: Lighting Build
[2019.02.23-01.00.38:934][  0]MapCheck: New page: Map Check
[2019.02.23-01.00.38:935][  0]LightingResults: New page: Lighting Build
[2019.02.23-01.00.41:853][  0]LogAIModule: Creating AISystem for world Minimal_Default
[2019.02.23-01.00.41:897][  0]LogEditorServer: Finished looking for orphan Actors (0.000 secs)
[2019.02.23-01.00.41:921][  0]Cmd: MAP CHECKDEP NOCLEARLOG
[2019.02.23-01.00.41:922][  0]MapCheck: Map check complete: 0 Error(s), 0 Warning(s), took 0.263ms to complete.
[2019.02.23-01.00.41:922][  0]LogFileHelpers: Loading map 'Minimal_Default' took 3.024
[2019.02.23-01.00.42:322][  0]LogSlate: Updating window title bar state: overlay mode, drag disabled, window buttons hidden, title bar hidden
[2019.02.23-01.00.42:333][  0]LogSlate: Updating window title bar state: overlay mode, drag disabled, window buttons hidden, title bar hidden
[2019.02.23-01.00.42:341][  0]LogSlate: Updating window title bar state: overlay mode, drag disabled, window buttons hidden, title bar hidden
[2019.02.23-01.00.42:350][  0]LogSlate: Updating window title bar state: overlay mode, drag disabled, window buttons hidden, title bar hidden
[2019.02.23-01.00.42:383][  0]LogCollectionManager: Loaded 0 collections in 0.003149 seconds
[2019.02.23-01.00.42:414][  0]LogFileCache: Scanning file cache for directory 'C:/Users/dujon/OneDrive/Documents/Unreal Projects/tutorial/Saved/Collections/' took 0.01s
[2019.02.23-01.00.42:414][  0]LogFileCache: Scanning file cache for directory 'C:/Users/dujon/OneDrive/Documents/Unreal Projects/tutorial/Content/Developers/dujon/Collections/' took 0.00s
[2019.02.23-01.00.42:414][  0]LogFileCache: Scanning file cache for directory 'C:/Users/dujon/OneDrive/Documents/Unreal Projects/tutorial/Content/Collections/' took 0.01s
[2019.02.23-01.00.42:415][  0]LogCollectionManager: Rebuilt the GUID cache for 0 collections in 0.000000 seconds
[2019.02.23-01.00.42:425][  0]LogContentBrowser: Native class hierarchy populated in 0.0102 seconds. Added 2651 classes and 620 folders.
[2019.02.23-01.00.42:435][  0]LogContentBrowser: Native class hierarchy updated for 'WidgetCarousel' in 0.0003 seconds. Added 0 classes and 0 folders.
[2019.02.23-01.00.42:639][  0]LogPakFile: Registered encryption key '00000000000000000000000000000000': 0 pak files mounted, 0 remain pending
[2019.02.23-01.00.42:685][  0]LogPakFile: Registered encryption key '00000000000000000000000000000000': 0 pak files mounted, 0 remain pending
[2019.02.23-01.00.42:716][  0]LogPakFile: Registered encryption key '00000000000000000000000000000000': 0 pak files mounted, 0 remain pending
[2019.02.23-01.00.42:719][  0]LogPakFile: Registered encryption key '00000000000000000000000000000000': 0 pak files mounted, 0 remain pending
[2019.02.23-01.00.42:752][  0]LogPakFile: Registered encryption key '00000000000000000000000000000000': 0 pak files mounted, 0 remain pending
[2019.02.23-01.00.42:755][  0]LogPakFile: Registered encryption key '00000000000000000000000000000000': 0 pak files mounted, 0 remain pending
[2019.02.23-01.00.42:777][  0]LogPakFile: Registered encryption key '00000000000000000000000000000000': 0 pak files mounted, 0 remain pending
[2019.02.23-01.00.42:780][  0]LogPakFile: Registered encryption key '00000000000000000000000000000000': 0 pak files mounted, 0 remain pending
[2019.02.23-01.00.42:810][  0]LogPakFile: Registered encryption key '00000000000000000000000000000000': 0 pak files mounted, 0 remain pending
[2019.02.23-01.00.42:813][  0]LogPakFile: Registered encryption key '00000000000000000000000000000000': 0 pak files mounted, 0 remain pending
[2019.02.23-01.00.42:831][  0]LogPakFile: Registered encryption key '00000000000000000000000000000000': 0 pak files mounted, 0 remain pending
[2019.02.23-01.00.42:856][  0]LogPakFile: Registered encryption key '00000000000000000000000000000000': 0 pak files mounted, 0 remain pending
[2019.02.23-01.00.42:902][  0]LogPakFile: Registered encryption key '00000000000000000000000000000000': 0 pak files mounted, 0 remain pending
[2019.02.23-01.00.42:923][  0]LogPakFile: Registered encryption key '00000000000000000000000000000000': 0 pak files mounted, 0 remain pending
[2019.02.23-01.00.42:943][  0]LogPakFile: Registered encryption key '00000000000000000000000000000000': 0 pak files mounted, 0 remain pending
[2019.02.23-01.00.42:975][  0]LogPakFile: Registered encryption key '00000000000000000000000000000000': 0 pak files mounted, 0 remain pending
[2019.02.23-01.00.43:023][  0]LogPakFile: Registered encryption key '00000000000000000000000000000000': 0 pak files mounted, 0 remain pending
[2019.02.23-01.00.43:053][  0]LogPakFile: Registered encryption key '00000000000000000000000000000000': 0 pak files mounted, 0 remain pending
[2019.02.23-01.00.43:069][  0]LogPakFile: Registered encryption key '00000000000000000000000000000000': 0 pak files mounted, 0 remain pending
[2019.02.23-01.00.43:079][  0]LogPakFile: Registered encryption key '00000000000000000000000000000000': 0 pak files mounted, 0 remain pending
[2019.02.23-01.00.43:110][  0]LogPakFile: Registered encryption key '00000000000000000000000000000000': 0 pak files mounted, 0 remain pending
[2019.02.23-01.00.43:131][  0]LogPakFile: Registered encryption key '00000000000000000000000000000000': 0 pak files mounted, 0 remain pending
[2019.02.23-01.00.43:160][  0]LogPakFile: Registered encryption key '00000000000000000000000000000000': 0 pak files mounted, 0 remain pending
[2019.02.23-01.00.43:189][  0]LogPakFile: Registered encryption key '00000000000000000000000000000000': 0 pak files mounted, 0 remain pending
[2019.02.23-01.00.43:224][  0]LogPakFile: Registered encryption key '00000000000000000000000000000000': 0 pak files mounted, 0 remain pending
[2019.02.23-01.00.43:259][  0]LogPakFile: Registered encryption key '00000000000000000000000000000000': 0 pak files mounted, 0 remain pending
[2019.02.23-01.00.45:095][  0]LogContentBrowser: Native class hierarchy updated for 'AddContentDialog' in 0.0006 seconds. Added 0 classes and 0 folders.
[2019.02.23-01.00.45:173][  0]LogContentBrowser: Native class hierarchy updated for 'SceneOutliner' in 0.0004 seconds. Added 1 classes and 2 folders.
[2019.02.23-01.00.45:192][  0]LogSlate: Took 0.000316 seconds to synchronously load lazily loaded font '../../../Engine/Content/Slate/Fonts/Roboto-Regular.ttf' (155K)
[2019.02.23-01.00.45:196][  0]LogSlate: Took 0.000361 seconds to synchronously load lazily loaded font '../../../Engine/Content/Slate/Fonts/Roboto-Bold.ttf' (160K)
[2019.02.23-01.00.45:224][  0]LogSlate: Took 0.019519 seconds to synchronously load lazily loaded font '../../../Engine/Content/Editor/Slate/Fonts/FontAwesome.ttf' (139K)
[2019.02.23-01.00.45:624][  0]LogRenderer: Reallocating scene render targets to support 580x372 Format 9 NumSamples 1 (Frame:1).
[2019.02.23-01.00.46:585][  0]LogContentBrowser: Native class hierarchy updated for 'HierarchicalLODOutliner' in 0.0003 seconds. Added 0 classes and 0 folders.
[2019.02.23-01.00.46:586][  0]LogLoad: (Engine Initialization) Total time: 21.34 seconds
[2019.02.23-01.00.46:586][  0]LogLoad: (Engine Initialization) Total Blueprint compile time: 0.00 seconds
[2019.02.23-01.00.46:604][  0]LogWindowsTextInputMethodSystem: Display: IME system now deactivated.
[2019.02.23-01.00.46:658][  0]LogContentStreaming: Texture pool size now 400 MB
[2019.02.23-01.00.46:698][  0]LogSlate: Took 0.023855 seconds to synchronously load lazily loaded font '../../../Engine/Content/Slate/Fonts/Roboto-Light.ttf' (167K)
[2019.02.23-01.00.46:788][  2]LogAssetRegistry: Asset discovery search completed in 15.0841 seconds
[2019.02.23-01.00.46:790][  2]LogCollectionManager: Rebuilt the object cache for 0 collections in 0.000000 seconds (found 0 objects)
[2019.02.23-01.00.46:790][  2]LogCollectionManager: Fixed up redirectors for 0 collections in 0.000086 seconds (updated 0 objects)
[2019.02.23-01.05.17:358][ 18]LogSlate: FSceneViewport::OnFocusLost() reason 2
[2019.02.23-01.05.18:043][ 74]LogSlate: FSceneViewport::OnFocusLost() reason 2
[2019.02.23-01.05.18:280][ 93]LogSlate: FSceneViewport::OnFocusLost() reason 2
[2019.02.23-01.05.21:381][367]LogSlate: Took 0.000623 seconds to synchronously load lazily loaded font '../../../Engine/Content/Slate/Fonts/Roboto-Light.ttf' (167K)
[2019.02.23-01.05.25:525][367]LogAIModule: Creating AISystem for world NewMap
[2019.02.23-01.05.25:542][367]LogAssetEditorManager: Opening Asset editor for World /Game/NewMap.NewMap
[2019.02.23-01.05.25:577][367]Cmd: MAP LOAD FILE="../../../../../../Users/dujon/OneDrive/Documents/Unreal Projects/tutorial/Content/NewMap.umap" TEMPLATE=0 SHOWPROGRESS=1 FEATURELEVEL=3
[2019.02.23-01.05.25:577][367]LightingResults: New page: Lighting Build
[2019.02.23-01.05.25:578][367]LoadErrors: New page: Loading map: NewMap.umap
[2019.02.23-01.05.25:579][367]MapCheck: New page: Map Check
[2019.02.23-01.05.25:579][367]LightingResults: New page: Lighting Build
[2019.02.23-01.05.25:631][367]LogEditorServer: Finished looking for orphan Actors (0.000 secs)
[2019.02.23-01.05.25:703][367]Cmd: MAP CHECKDEP NOCLEARLOG
[2019.02.23-01.05.25:703][367]MapCheck: Map check complete: 0 Error(s), 0 Warning(s), took 0.233ms to complete.
[2019.02.23-01.05.25:703][367]LogFileHelpers: Loading map 'NewMap' took 0.127
[2019.02.23-01.06.21:899][732]LogEditorViewport: Clicking on Actor (LMB): StaticMeshActor (Wall_Window_400x301)
[2019.02.23-01.10.23:055][435]LogEditorViewport: Clicking on Actor (LMB): StaticMeshActor (Cylinder)
[2019.02.23-01.10.28:197][705]Cmd: TRANSACTION UNDO
[2019.02.23-01.10.28:197][705]LogEditorTransaction: Undo Move Actors
[2019.02.23-01.11.58:504][135]LogEditorViewport: Clicking on Actor (LMB): StaticMeshActor (Cube3)
[2019.02.23-01.12.05:907][487]LogSlate: FSceneViewport::OnFocusLost() reason 2
[2019.02.23-01.12.12:181][906]LogSlate: FSceneViewport::OnFocusLost() reason 2
[2019.02.23-01.12.34:064][560]LogSlate: FSceneViewport::OnFocusLost() reason 0
[2019.02.23-01.12.34:234][568]Cmd: OBJ SAVEPACKAGE PACKAGE="/Game/NewMap" FILE="../../../../../../Users/dujon/OneDrive/Documents/Unreal Projects/tutorial/Content/NewMap.umap" SILENT=true AUTOSAVING=false KEEPDIRTY=false
[2019.02.23-01.12.34:765][568]LogSavePackage: Moving '../../../../../../Users/dujon/OneDrive/Documents/Unreal Projects/tutorial/Saved/NewMapF03E37324A6B797626F91B8F8AC16AB3.tmp' to '../../../../../../Users/dujon/OneDrive/Documents/Unreal Projects/tutorial/Content/NewMap.umap'
[2019.02.23-01.12.38:152][727]LogSlate: FSceneViewport::OnFocusLost() reason 2
[2019.02.23-01.12.40:339][863]LogTemp: Repeating last play command: Selected Viewport
[2019.02.23-01.12.40:361][863]LogBlueprintUserMessages: Early PlayInEditor Detection: Level '/Game/NewMap.NewMap:PersistentLevel' has LevelScriptBlueprint '/Game/NewMap.NewMap:PersistentLevel.NewMap' with GeneratedClass '/Game/NewMap.NewMap_C' with ClassGeneratedBy '/Game/NewMap.NewMap:PersistentLevel.NewMap'
[2019.02.23-01.12.40:361][863]LogPlayLevel: PlayLevel: No blueprints needed recompiling
[2019.02.23-01.12.40:362][863]PIE: New page: PIE session: NewMap (Feb 22, 2019, 3:12:40 PM)
[2019.02.23-01.12.40:376][863]LogPlayLevel: Creating play world package: /Game/UEDPIE_0_NewMap
[2019.02.23-01.12.40:408][863]LogPlayLevel: PIE: StaticDuplicateObject took: (0.031642s)
[2019.02.23-01.12.40:409][863]LogAIModule: Creating AISystem for world NewMap
[2019.02.23-01.12.40:409][863]LogPlayLevel: PIE: World Init took: (0.001248s)
[2019.02.23-01.12.40:409][863]LogPlayLevel: PIE: Created PIE world by copying editor world from /Game/NewMap.NewMap to /Game/UEDPIE_0_NewMap.NewMap (0.033378s)
[2019.02.23-01.12.40:457][863]LogInit: XAudio2 using 'Speaker/Headphone (Realtek High Definition Audio)' : 2 channels at 48 kHz using 32 bits per sample (channel mask 0x3)
[2019.02.23-01.12.40:500][863]LogInit: FAudioDevice initialized.
[2019.02.23-01.12.40:500][863]LogSlate: FSceneViewport::OnFocusLost() reason 2
[2019.02.23-01.12.40:550][863]LogLoad: Game class is 'GameModeBase'
[2019.02.23-01.12.40:585][863]LogWorld: Bringing World /Game/UEDPIE_0_NewMap.NewMap up for play (max tick rate 0) at 2019.02.22-20.12.40
[2019.02.23-01.12.40:586][863]LogWorld: Bringing up level for play took: 0.002943
[2019.02.23-01.12.40:612][863]LogContentBrowser: Native class hierarchy updated for 'MovieSceneCapture' in 0.0008 seconds. Added 20 classes and 0 folders.
[2019.02.23-01.12.40:614][863]PIE: Play in editor start time for /Game/UEDPIE_0_NewMap -0.364
[2019.02.23-01.12.40:615][863]LogBlueprintUserMessages: Late PlayInEditor Detection: Level '/Game/NewMap.NewMap:PersistentLevel' has LevelScriptBlueprint '/Game/NewMap.NewMap:PersistentLevel.NewMap' with GeneratedClass '/Game/NewMap.NewMap_C' with ClassGeneratedBy '/Game/NewMap.NewMap:PersistentLevel.NewMap'
[2019.02.23-01.12.53:267][800]LogBlueprintUserMessages: Early EndPlayMap Detection: Level '/Game/NewMap.NewMap:PersistentLevel' has LevelScriptBlueprint '/Game/NewMap.NewMap:PersistentLevel.NewMap' with GeneratedClass '/Game/NewMap.NewMap_C' with ClassGeneratedBy '/Game/NewMap.NewMap:PersistentLevel.NewMap'
[2019.02.23-01.12.53:268][800]LogSlate: Updating window title bar state: overlay mode, drag disabled, window buttons hidden, title bar hidden
[2019.02.23-01.12.53:311][800]LogPlayLevel: Display: Shutting down PIE online subsystems
[2019.02.23-01.12.53:312][800]LogBlueprintUserMessages: Late EndPlayMap Detection: Level '/Game/NewMap.NewMap:PersistentLevel' has LevelScriptBlueprint '/Game/NewMap.NewMap:PersistentLevel.NewMap' with GeneratedClass '/Game/NewMap.NewMap_C' with ClassGeneratedBy '/Game/NewMap.NewMap:PersistentLevel.NewMap'
[2019.02.23-01.12.53:356][800]LogSlate: Updating window title bar state: overlay mode, drag disabled, window buttons hidden, title bar hidden
[2019.02.23-01.12.53:410][801]LogPlayLevel: Display: Destroying online subsystem :Context_3
[2019.02.23-01.12.56:295][965]LogSlate: FSceneViewport::OnFocusLost() reason 0
[2019.02.23-01.12.59:699][145]LogEditorActor: Deleted Actor: DirectionalLight
[2019.02.23-01.12.59:741][145]LogEditorActor: Deleted 1 Actors (0.064 secs)
[2019.02.23-01.13.12:182][852]LogSlate: FSceneViewport::OnFocusLost() reason 2
[2019.02.23-01.13.14:185][947]LogTemp: Repeating last play command: Selected Viewport
[2019.02.23-01.13.14:210][947]LogBlueprintUserMessages: Early PlayInEditor Detection: Level '/Game/NewMap.NewMap:PersistentLevel' has LevelScriptBlueprint '/Game/NewMap.NewMap:PersistentLevel.NewMap' with GeneratedClass '/Game/NewMap.NewMap_C' with ClassGeneratedBy '/Game/NewMap.NewMap:PersistentLevel.NewMap'
[2019.02.23-01.13.14:211][947]LogPlayLevel: PlayLevel: No blueprints needed recompiling
[2019.02.23-01.13.14:211][947]PIE: New page: PIE session: NewMap (Feb 22, 2019, 3:13:14 PM)
[2019.02.23-01.13.14:211][947]LogPlayLevel: Creating play world package: /Game/UEDPIE_0_NewMap
[2019.02.23-01.13.14:249][947]LogPlayLevel: PIE: StaticDuplicateObject took: (0.038129s)
[2019.02.23-01.13.14:250][947]LogAIModule: Creating AISystem for world NewMap
[2019.02.23-01.13.14:251][947]LogPlayLevel: PIE: World Init took: (0.001093s)
[2019.02.23-01.13.14:251][947]LogPlayLevel: PIE: Created PIE world by copying editor world from /Game/NewMap.NewMap to /Game/UEDPIE_0_NewMap.NewMap (0.039511s)
[2019.02.23-01.13.14:297][947]LogInit: XAudio2 using 'Speaker/Headphone (Realtek High Definition Audio)' : 2 channels at 48 kHz using 32 bits per sample (channel mask 0x3)
[2019.02.23-01.13.14:346][947]LogInit: FAudioDevice initialized.
[2019.02.23-01.13.14:346][947]LogSlate: FSceneViewport::OnFocusLost() reason 2
[2019.02.23-01.13.14:382][947]LogLoad: Game class is 'GameModeBase'
[2019.02.23-01.13.14:384][947]LogWorld: Bringing World /Game/UEDPIE_0_NewMap.NewMap up for play (max tick rate 0) at 2019.02.22-20.13.14
[2019.02.23-01.13.14:385][947]LogWorld: Bringing up level for play took: 0.002737
[2019.02.23-01.13.14:399][947]PIE: Play in editor start time for /Game/UEDPIE_0_NewMap -0.578
[2019.02.23-01.13.14:400][947]LogBlueprintUserMessages: Late PlayInEditor Detection: Level '/Game/NewMap.NewMap:PersistentLevel' has LevelScriptBlueprint '/Game/NewMap.NewMap:PersistentLevel.NewMap' with GeneratedClass '/Game/NewMap.NewMap_C' with ClassGeneratedBy '/Game/NewMap.NewMap:PersistentLevel.NewMap'
[2019.02.23-01.13.30:047][145]LogBlueprintUserMessages: Early EndPlayMap Detection: Level '/Game/NewMap.NewMap:PersistentLevel' has LevelScriptBlueprint '/Game/NewMap.NewMap:PersistentLevel.NewMap' with GeneratedClass '/Game/NewMap.NewMap_C' with ClassGeneratedBy '/Game/NewMap.NewMap:PersistentLevel.NewMap'
[2019.02.23-01.13.30:048][145]LogSlate: Updating window title bar state: overlay mode, drag disabled, window buttons hidden, title bar hidden
[2019.02.23-01.13.30:092][145]LogPlayLevel: Display: Shutting down PIE online subsystems
[2019.02.23-01.13.30:092][145]LogBlueprintUserMessages: Late EndPlayMap Detection: Level '/Game/NewMap.NewMap:PersistentLevel' has LevelScriptBlueprint '/Game/NewMap.NewMap:PersistentLevel.NewMap' with GeneratedClass '/Game/NewMap.NewMap_C' with ClassGeneratedBy '/Game/NewMap.NewMap:PersistentLevel.NewMap'
[2019.02.23-01.13.30:141][145]LogSlate: Updating window title bar state: overlay mode, drag disabled, window buttons hidden, title bar hidden
[2019.02.23-01.13.30:188][146]LogPlayLevel: Display: Destroying online subsystem :Context_4
[2019.02.23-01.21.20:170][ 91]LogSlate: FSceneViewport::OnFocusLost() reason 0
[2019.02.23-01.22.00:233][310]LogSlate: FSceneViewport::OnFocusLost() reason 2
[2019.02.23-01.22.05:896][672]LogSlate: FSceneViewport::OnFocusLost() reason 2
[2019.02.23-01.22.14:252][672]LogSlate: Window 'Save Level As' being destroyed
[2019.02.23-01.23.17:968][ 45]LogSavePackage: Moving '../../../../../../Users/dujon/OneDrive/Documents/Unreal Projects/tutorial/Saved/NewMap_Auto18D7FD3B344379E1B2197DAA3D5F55D2C.tmp' to '../../../../../../Users/dujon/OneDrive/Documents/Unreal Projects/tutorial/Saved/Autosaves/Game/NewMap_Auto1.umap'
[2019.02.23-01.23.18:077][ 45]LogFileHelpers: Editor autosave (incl. sublevels) for '/Game/NewMap' took 1.305
[2019.02.23-01.23.18:077][ 45]LogFileHelpers: Editor autosave (incl. sublevels) for all levels took 1.305
